<?xml version="1.0" encoding="UTF-8"?>
<testng-results ignored="4" total="5" passed="0" failed="1" skipped="0">
  <reporter-output>
  </reporter-output>
  <suite started-at="2022-07-12T23:14:20 IST" name="Default suite" finished-at="2022-07-12T23:14:53 IST" duration-ms="32973">
    <groups>
    </groups>
    <test started-at="2022-07-12T23:14:20 IST" name="Default test" finished-at="2022-07-12T23:14:53 IST" duration-ms="32973">
      <class name="icivics_testcases.Googlesignon_Test">
        <test-method is-config="true" signature="startReport()[pri:0, instance:icivics_testcases.Googlesignon_Test@312aa7c]" started-at="2022-07-12T23:14:20 IST" name="startReport" finished-at="2022-07-12T23:14:20 IST" duration-ms="461" status="PASS">
          <reporter-output>
          </reporter-output>
        </test-method> <!-- startReport -->
        <test-method is-config="true" signature="setValues()[pri:0, instance:icivics_testcases.Googlesignon_Test@312aa7c]" started-at="2022-07-12T23:14:20 IST" name="setValues" finished-at="2022-07-12T23:14:20 IST" duration-ms="0" status="PASS">
          <reporter-output>
          </reporter-output>
        </test-method> <!-- setValues -->
        <test-method is-config="true" signature="setUpClass(org.testng.ITestContext)[pri:0, instance:icivics_testcases.Googlesignon_Test@312aa7c]" started-at="2022-07-12T23:14:20 IST" name="setUpClass" finished-at="2022-07-12T23:14:21 IST" duration-ms="475" status="PASS">
          <params>
            <param index="0">
              <value>
                <![CDATA[org.testng.TestRunner@5ce3409b]]>
              </value>
            </param>
          </params>
          <reporter-output>
          </reporter-output>
        </test-method> <!-- setUpClass -->
        <test-method is-config="true" signature="report()[pri:0, instance:icivics_testcases.Googlesignon_Test@312aa7c]" started-at="2022-07-12T23:14:21 IST" name="report" finished-at="2022-07-12T23:14:21 IST" duration-ms="14" status="PASS">
          <reporter-output>
          </reporter-output>
        </test-method> <!-- report -->
        <test-method is-config="true" signature="beforeMethod()[pri:0, instance:icivics_testcases.Googlesignon_Test@312aa7c]" started-at="2022-07-12T23:14:22 IST" name="beforeMethod" finished-at="2022-07-12T23:14:25 IST" duration-ms="3437" status="PASS">
          <reporter-output>
          </reporter-output>
        </test-method> <!-- beforeMethod -->
        <test-method signature="C541_verifyentercredentails2(java.lang.String)[pri:0, instance:icivics_testcases.Googlesignon_Test@312aa7c]" started-at="2022-07-12T23:14:25 IST" name="C541_verifyentercredentails2" data-provider="fetchData" finished-at="2022-07-12T23:14:52 IST" duration-ms="27109" status="FAIL">
          <params>
            <param index="0">
              <value>
                <![CDATA[https://staging.d9.icivics.org/user/login]]>
              </value>
            </param>
          </params>
          <exception class="java.lang.NullPointerException">
            <message>
              <![CDATA[Cannot invoke "String.equalsIgnoreCase(String)" because "value" is null]]>
            </message>
            <full-stacktrace>
              <![CDATA[java.lang.NullPointerException: Cannot invoke "String.equalsIgnoreCase(String)" because "value" is null
at icivics_pages.GoogleSignOn.verifyenterfieldwithvaliddataforpage1(GoogleSignOn.java:140)
at icivics_testcases.Googlesignon_Test.C541_verifyentercredentails2(Googlesignon_Test.java:45)
at java.base/jdk.internal.reflect.NativeMethodAccessorImpl.invoke0(Native Method)
at java.base/jdk.internal.reflect.NativeMethodAccessorImpl.invoke(NativeMethodAccessorImpl.java:77)
at java.base/jdk.internal.reflect.DelegatingMethodAccessorImpl.invoke(DelegatingMethodAccessorImpl.java:43)
at java.base/java.lang.reflect.Method.invoke(Method.java:568)
at org.testng.internal.MethodInvocationHelper.invokeMethod(MethodInvocationHelper.java:133)
at org.testng.internal.TestInvoker.invokeMethod(TestInvoker.java:598)
at org.testng.internal.TestInvoker.invokeTestMethod(TestInvoker.java:173)
at org.testng.internal.MethodRunner.runInSequence(MethodRunner.java:46)
at org.testng.internal.TestInvoker$MethodInvocationAgent.invoke(TestInvoker.java:824)
at org.testng.internal.TestInvoker.invokeTestMethods(TestInvoker.java:146)
at org.testng.internal.TestMethodWorker.invokeTestMethods(TestMethodWorker.java:146)
at org.testng.internal.TestMethodWorker.run(TestMethodWorker.java:128)
at java.base/java.util.ArrayList.forEach(ArrayList.java:1511)
at org.testng.TestRunner.privateRun(TestRunner.java:794)
at org.testng.TestRunner.run(TestRunner.java:596)
at org.testng.SuiteRunner.runTest(SuiteRunner.java:377)
at org.testng.SuiteRunner.runSequentially(SuiteRunner.java:371)
at org.testng.SuiteRunner.privateRun(SuiteRunner.java:332)
at org.testng.SuiteRunner.run(SuiteRunner.java:276)
at org.testng.SuiteRunnerWorker.runSuite(SuiteRunnerWorker.java:53)
at org.testng.SuiteRunnerWorker.run(SuiteRunnerWorker.java:96)
at org.testng.TestNG.runSuitesSequentially(TestNG.java:1212)
at org.testng.TestNG.runSuitesLocally(TestNG.java:1134)
at org.testng.TestNG.runSuites(TestNG.java:1063)
at org.testng.TestNG.run(TestNG.java:1031)
at org.testng.remote.AbstractRemoteTestNG.run(AbstractRemoteTestNG.java:115)
at org.testng.remote.RemoteTestNG.initAndRun(RemoteTestNG.java:251)
at org.testng.remote.RemoteTestNG.main(RemoteTestNG.java:77)
]]>
            </full-stacktrace>
          </exception> <!-- java.lang.NullPointerException -->
          <reporter-output>
          </reporter-output>
        </test-method> <!-- C541_verifyentercredentails2 -->
        <test-method is-config="true" signature="afterMethod()[pri:0, instance:icivics_testcases.Googlesignon_Test@312aa7c]" started-at="2022-07-12T23:14:52 IST" name="afterMethod" finished-at="2022-07-12T23:14:53 IST" duration-ms="701" status="PASS">
          <reporter-output>
          </reporter-output>
        </test-method> <!-- afterMethod -->
        <test-method is-config="true" signature="tearDownClass()[pri:0, instance:icivics_testcases.Googlesignon_Test@312aa7c]" started-at="2022-07-12T23:14:53 IST" name="tearDownClass" finished-at="2022-07-12T23:14:53 IST" duration-ms="8" status="PASS">
          <reporter-output>
          </reporter-output>
        </test-method> <!-- tearDownClass -->
        <test-method is-config="true" signature="stopReport()[pri:0, instance:icivics_testcases.Googlesignon_Test@312aa7c]" started-at="2022-07-12T23:14:53 IST" name="stopReport" finished-at="2022-07-12T23:14:54 IST" duration-ms="574" status="PASS">
          <reporter-output>
          </reporter-output>
        </test-method> <!-- stopReport -->
      </class> <!-- icivics_testcases.Googlesignon_Test -->
    </test> <!-- Default test -->
  </suite> <!-- Default suite -->
</testng-results>
