<?xml version="1.0" encoding="UTF-8"?>
<testng-results ignored="2" total="3" passed="0" failed="1" skipped="0">
  <reporter-output>
  </reporter-output>
  <suite started-at="2022-07-14T21:49:58 IST" name="Default suite" finished-at="2022-07-14T21:50:57 IST" duration-ms="59280">
    <groups>
    </groups>
    <test started-at="2022-07-14T21:49:58 IST" name="Default test" finished-at="2022-07-14T21:50:57 IST" duration-ms="59280">
      <class name="icivics_testcases.Pg2TeacherRegistration_Test">
        <test-method is-config="true" signature="startReport()[pri:0, instance:icivics_testcases.Pg2TeacherRegistration_Test@4a8355dd]" started-at="2022-07-14T21:49:58 IST" name="startReport" finished-at="2022-07-14T21:49:58 IST" duration-ms="460" status="PASS">
          <reporter-output>
          </reporter-output>
        </test-method> <!-- startReport -->
        <test-method is-config="true" signature="setValues()[pri:0, instance:icivics_testcases.Pg2TeacherRegistration_Test@4a8355dd]" started-at="2022-07-14T21:49:58 IST" name="setValues" finished-at="2022-07-14T21:49:58 IST" duration-ms="0" status="PASS">
          <reporter-output>
          </reporter-output>
        </test-method> <!-- setValues -->
        <test-method is-config="true" signature="setUpClass(org.testng.ITestContext)[pri:0, instance:icivics_testcases.Pg2TeacherRegistration_Test@4a8355dd]" started-at="2022-07-14T21:49:58 IST" name="setUpClass" finished-at="2022-07-14T21:49:58 IST" duration-ms="250" status="PASS">
          <params>
            <param index="0">
              <value>
                <![CDATA[org.testng.TestRunner@749baa0c]]>
              </value>
            </param>
          </params>
          <reporter-output>
          </reporter-output>
        </test-method> <!-- setUpClass -->
        <test-method is-config="true" signature="report()[pri:0, instance:icivics_testcases.Pg2TeacherRegistration_Test@4a8355dd]" started-at="2022-07-14T21:49:58 IST" name="report" finished-at="2022-07-14T21:49:58 IST" duration-ms="13" status="PASS">
          <reporter-output>
          </reporter-output>
        </test-method> <!-- report -->
        <test-method is-config="true" signature="beforeMethod()[pri:0, instance:icivics_testcases.Pg2TeacherRegistration_Test@4a8355dd]" started-at="2022-07-14T21:50:00 IST" name="beforeMethod" finished-at="2022-07-14T21:50:03 IST" duration-ms="3572" status="PASS">
          <reporter-output>
          </reporter-output>
        </test-method> <!-- beforeMethod -->
        <test-method signature="C546_Verifypage2fields(java.lang.String)[pri:0, instance:icivics_testcases.Pg2TeacherRegistration_Test@4a8355dd]" started-at="2022-07-14T21:50:03 IST" name="C546_Verifypage2fields" data-provider="fetchData" finished-at="2022-07-14T21:50:56 IST" duration-ms="53118" status="FAIL">
          <params>
            <param index="0">
              <value>
                <![CDATA[https://staging.d9.icivics.org/user/login]]>
              </value>
            </param>
          </params>
          <exception class="org.openqa.selenium.support.ui.UnexpectedTagNameException">
            <message>
              <![CDATA[Element should have been "select" but was "option"
Build info: version: '4.3.0', revision: 'a4995e2c09*'
System info: host: 'AMX-RL-20-457-W', ip: '10.10.7.42', os.name: 'Windows 10', os.arch: 'amd64', os.version: '10.0', java.version: '17.0.3'
Driver info: driver.version: unknown]]>
            </message>
            <full-stacktrace>
              <![CDATA[org.openqa.selenium.support.ui.UnexpectedTagNameException: Element should have been "select" but was "option"
Build info: version: '4.3.0', revision: 'a4995e2c09*'
System info: host: 'AMX-RL-20-457-W', ip: '10.10.7.42', os.name: 'Windows 10', os.arch: 'amd64', os.version: '10.0', java.version: '17.0.3'
Driver info: driver.version: unknown
at org.openqa.selenium.support.ui.Select.<init>(Select.java:49)
at icivics_pages.Pg2TeacherRegistration.verifyteachingstatefield(Pg2TeacherRegistration.java:115)
at icivics_testcases.Pg2TeacherRegistration_Test.C546_Verifypage2fields(Pg2TeacherRegistration_Test.java:38)
at java.base/jdk.internal.reflect.NativeMethodAccessorImpl.invoke0(Native Method)
at java.base/jdk.internal.reflect.NativeMethodAccessorImpl.invoke(NativeMethodAccessorImpl.java:77)
at java.base/jdk.internal.reflect.DelegatingMethodAccessorImpl.invoke(DelegatingMethodAccessorImpl.java:43)
at java.base/java.lang.reflect.Method.invoke(Method.java:568)
at org.testng.internal.MethodInvocationHelper.invokeMethod(MethodInvocationHelper.java:133)
at org.testng.internal.TestInvoker.invokeMethod(TestInvoker.java:598)
at org.testng.internal.TestInvoker.invokeTestMethod(TestInvoker.java:173)
at org.testng.internal.MethodRunner.runInSequence(MethodRunner.java:46)
at org.testng.internal.TestInvoker$MethodInvocationAgent.invoke(TestInvoker.java:824)
at org.testng.internal.TestInvoker.invokeTestMethods(TestInvoker.java:146)
at org.testng.internal.TestMethodWorker.invokeTestMethods(TestMethodWorker.java:146)
at org.testng.internal.TestMethodWorker.run(TestMethodWorker.java:128)
at java.base/java.util.ArrayList.forEach(ArrayList.java:1511)
at org.testng.TestRunner.privateRun(TestRunner.java:794)
at org.testng.TestRunner.run(TestRunner.java:596)
at org.testng.SuiteRunner.runTest(SuiteRunner.java:377)
at org.testng.SuiteRunner.runSequentially(SuiteRunner.java:371)
at org.testng.SuiteRunner.privateRun(SuiteRunner.java:332)
at org.testng.SuiteRunner.run(SuiteRunner.java:276)
at org.testng.SuiteRunnerWorker.runSuite(SuiteRunnerWorker.java:53)
at org.testng.SuiteRunnerWorker.run(SuiteRunnerWorker.java:96)
at org.testng.TestNG.runSuitesSequentially(TestNG.java:1212)
at org.testng.TestNG.runSuitesLocally(TestNG.java:1134)
at org.testng.TestNG.runSuites(TestNG.java:1063)
at org.testng.TestNG.run(TestNG.java:1031)
at org.testng.remote.AbstractRemoteTestNG.run(AbstractRemoteTestNG.java:115)
at org.testng.remote.RemoteTestNG.initAndRun(RemoteTestNG.java:251)
at org.testng.remote.RemoteTestNG.main(RemoteTestNG.java:77)
]]>
            </full-stacktrace>
          </exception> <!-- org.openqa.selenium.support.ui.UnexpectedTagNameException -->
          <reporter-output>
          </reporter-output>
        </test-method> <!-- C546_Verifypage2fields -->
        <test-method is-config="true" signature="afterMethod()[pri:0, instance:icivics_testcases.Pg2TeacherRegistration_Test@4a8355dd]" started-at="2022-07-14T21:50:56 IST" name="afterMethod" finished-at="2022-07-14T21:50:57 IST" duration-ms="1015" status="PASS">
          <reporter-output>
          </reporter-output>
        </test-method> <!-- afterMethod -->
        <test-method is-config="true" signature="tearDownClass()[pri:0, instance:icivics_testcases.Pg2TeacherRegistration_Test@4a8355dd]" started-at="2022-07-14T21:50:57 IST" name="tearDownClass" finished-at="2022-07-14T21:50:57 IST" duration-ms="4" status="PASS">
          <reporter-output>
          </reporter-output>
        </test-method> <!-- tearDownClass -->
        <test-method is-config="true" signature="stopReport()[pri:0, instance:icivics_testcases.Pg2TeacherRegistration_Test@4a8355dd]" started-at="2022-07-14T21:50:57 IST" name="stopReport" finished-at="2022-07-14T21:50:58 IST" duration-ms="785" status="PASS">
          <reporter-output>
          </reporter-output>
        </test-method> <!-- stopReport -->
      </class> <!-- icivics_testcases.Pg2TeacherRegistration_Test -->
    </test> <!-- Default test -->
  </suite> <!-- Default suite -->
</testng-results>
