<?xml version="1.0" encoding="UTF-8"?>
<!-- Generated by org.testng.reporters.JUnitXMLReporter -->
<testsuite ignored="38" hostname="AMX-RL-20-348-W" failures="1" tests="162" name="Regression_Testscripts" time="3404.524" errors="0" timestamp="2022-07-07T13:58:35 IST">
  <testcase classname="icivics_testcases.Icivics16_HP_3HeaderTeach_Test" name="C15_Verifyteachsubmenu" time="3.955"/>
  <testcase classname="icivics_testcases.Icivics16_HP_3HeaderTeach_Test" name="C16_Verifysubmenucount" time="4.664"/>
  <testcase classname="icivics_testcases.Icivics16_HP_3HeaderTeach_Test" name="C17_Verifyteachbuttonelements" time="48.587"/>
  <testcase classname="icivics_testcases.Icivics16_HP_3HeaderTeach_Test" name="C20_verifyclickteachbuttonagain" time="3.834"/>
  <testcase classname="icivics_testcases.Icivics17_HP_3Headerteach2_Test" name="C19_Verifyteachsubmenu" time="67.474"/>
  <testcase classname="icivics_testcases.Icivics13_HP_1Header_Test" name="C1_VerifyLogo" time="8.458"/>
  <testcase classname="icivics_testcases.Icivics13_HP_1Header_Test" name="C2_VerifyHeaderbuttonforanonymoususer" time="12.751"/>
  <testcase classname="icivics_testcases.Icivics13_HP_1Header_Test" name="C2_VerifyHeaderbuttonforauthenticateduser" time="12.025"/>
  <testcase classname="icivics_testcases.Icivics13_HP_1Header_Test" name="C1538_Verifydonationpopup" time="8.567"/>
  <testcase classname="icivics_testcases.Icivics18_HP_4HeaderAbout_Test" name="C22_Verifyaboutsubmenu" time="9.057"/>
  <testcase classname="icivics_testcases.Icivics18_HP_4HeaderAbout_Test" name="C23_Verifysubmenucount" time="3.976"/>
  <testcase classname="icivics_testcases.Icivics18_HP_4HeaderAbout_Test" name="C24_VerifysubmenuElement" time="44.535"/>
  <testcase classname="icivics_testcases.Icivics18_HP_4HeaderAbout_Test" name="C27_Verifyclickaboutbuttonagain" time="7.237"/>
  <testcase classname="icivics_testcases.Icivics19_HP_5HeaderMyicivicsMisc_Test" name="C29_Verifydonatebutton" time="9.18"/>
  <testcase classname="icivics_testcases.Icivics19_HP_5HeaderMyicivicsMisc_Test" name="C30_Verifydonatebuttonclick" time="16.626"/>
  <testcase classname="icivics_testcases.Icivics19_HP_5HeaderMyicivicsMisc_Test" name="C31_Verifyshopbutton" time="7.911"/>
  <testcase classname="icivics_testcases.Icivics19_HP_5HeaderMyicivicsMisc_Test" name="C32_Verifyshopbuttonclick" time="12.671"/>
  <testcase classname="icivics_testcases.Icivics19_HP_5HeaderMyicivicsMisc_Test" name="C34_VerifyIcivicsbutton" time="9.217"/>
  <testcase classname="icivics_testcases.Icivics19_HP_5HeaderMyicivicsMisc_Test" name="C35_Verifytheavatar" time="12.539"/>
  <testcase classname="icivics_testcases.Icivics19_HP_5HeaderMyicivicsMisc_Test" name="C35_Verifythenoavatar" time="8.159"/>
  <testcase classname="icivics_testcases.Icivics19_HP_5HeaderMyicivicsMisc_Test" name="C36_VerifyIcivicssubmenu" time="9.811"/>
  <testcase classname="icivics_testcases.Icivics19_HP_5HeaderMyicivicsMisc_Test" name="C37_VerifyIcivicssubmenu" time="9.512"/>
  <testcase classname="icivics_testcases.Icivics19_HP_5HeaderMyicivicsMisc_Test" name="C39_Myicivicsbuttonelementsverification" time="24.862"/>
  <testcase classname="icivics_testcases.Icivics19_HP_5HeaderMyicivicsMisc_Test" name="C41_verifyselectpageisunderlined" time="44.167"/>
  <testcase classname="icivics_testcases.Icivics19_HP_5HeaderMyicivicsMisc_Test" name="C42_Verifymyicivicsbuttonsubmenuclose" time="7.628"/>
  <testcase classname="icivics_testcases.Icivics20_HP_5HeaderSigninMisc_Test" name="C29_Verifydonatebutton" time="4.972"/>
  <testcase classname="icivics_testcases.Icivics20_HP_5HeaderSigninMisc_Test" name="C30_Verifydonatebuttonclick" time="12.733"/>
  <testcase classname="icivics_testcases.Icivics20_HP_5HeaderSigninMisc_Test" name="C31_Verifyshopbutton" time="2.95"/>
  <testcase classname="icivics_testcases.Icivics20_HP_5HeaderSigninMisc_Test" name="C32_Verifyshopbuttonclick" time="6.087"/>
  <testcase classname="icivics_testcases.Icivics20_HP_5HeaderSigninMisc_Test" name="C33_Verifysigninbuttonforanonymoususer" time="3.427"/>
  <testcase classname="icivics_testcases.Icivics20_HP_5HeaderSigninMisc_Test" name="C37_Verifysigninbuttonsubmenu" time="4.354"/>
  <testcase classname="icivics_testcases.Icivics20_HP_5HeaderSigninMisc_Test" name="C38_Verifysigninbuttonsubmenu" time="12.425"/>
  <testcase classname="icivics_testcases.Icivics20_HP_5HeaderSigninMisc_Test" name="C41_Verifysubmenuoptionisunderlined" time="36.495"/>
  <testcase classname="icivics_testcases.Icivics20_HP_5HeaderSigninMisc_Test" name="C42_Verifysubmenuoptionisunderlined" time="5.382"/>
  <testcase classname="icivics_testcases.Icivics1_EducatorRegistration_Test" name="C321_VerifyallpageElements" time="16.13"/>
  <testcase classname="icivics_testcases.Icivics1_EducatorRegistration_Test" name="C322_ButtonHover" time="26.308"/>
  <testcase classname="icivics_testcases.Icivics1_EducatorRegistration_Test" name="C323_Verifyallbuttonlinks" time="186.709"/>
  <testcase classname="icivics_testcases.Icivics1_EducatorRegistration_Test" name="C324_WindowResize" time="12.799"/>
  <testcase classname="icivics_testcases.Icivics1_EducatorRegistration_Test" name="C325_Verifyerrormsg" time="4.944"/>
  <testcase classname="icivics_testcases.Icivics1_EducatorRegistration_Test" name="C326_Verifybreadcrumbs" time="6.081"/>
  <testcase classname="icivics_testcases.Icivics2_EducatorRegistration1_Test" name="C327_verifybreadcrumbspage1" time="2.602"/>
  <testcase classname="icivics_testcases.Icivics2_EducatorRegistration1_Test" name="C328_verifytextfields" time="4.163"/>
  <testcase classname="icivics_testcases.Icivics2_EducatorRegistration1_Test" name="C329_verifyusernamepregenerated" time="8.611"/>
  <testcase classname="icivics_testcases.Icivics2_EducatorRegistration1_Test" name="C330_verifyusernamepregeneratedrandomly" time="14.669"/>
  <testcase classname="icivics_testcases.Icivics2_EducatorRegistration1_Test" name="C331_verifyentertextinallfields" time="4.017"/>
  <testcase classname="icivics_testcases.Icivics2_EducatorRegistration1_Test" name="C332_verifyfieldsmarkedwithanasterisk" time="3.785"/>
  <testcase classname="icivics_testcases.Icivics2_EducatorRegistration1_Test" name="C333_verifyemailtooltips" time="3.41"/>
  <testcase classname="icivics_testcases.Icivics2_EducatorRegistration1_Test" name="C334_verifyemailerrormsg" time="9.101"/>
  <testcase classname="icivics_testcases.Icivics2_EducatorRegistration1_Test" name="C335_verifyblankerrormsg" time="39.425"/>
  <testcase classname="icivics_testcases.Icivics2_EducatorRegistration1_Test" name="C336_verifyinvaliderrormsg" time="9.743"/>
  <testcase classname="icivics_testcases.Icivics2_EducatorRegistration1_Test" name="C337_verifyvalidregistration" time="13.327"/>
  <testcase classname="icivics_testcases.Icivics3_EducatorRegistration2_Test" name="C338_verifybreadcrumbspage1" time="7.239"/>
  <testcase classname="icivics_testcases.Icivics3_EducatorRegistration2_Test" name="C339_verifypreviouspage" time="9.63"/>
  <testcase classname="icivics_testcases.Icivics3_EducatorRegistration2_Test" name="C340_verifyalldataremembered" time="13.066"/>
  <testcase classname="icivics_testcases.Icivics3_EducatorRegistration2_Test" name="C341_verifyRoleandGradeLevel" time="15.369"/>
  <testcase classname="icivics_testcases.Icivics3_EducatorRegistration2_Test" name="C342_verifymakeselection" time="16.679"/>
  <testcase classname="icivics_testcases.Icivics3_EducatorRegistration2_Test" name="C343_verifyotheradditionalfield" time="10.074"/>
  <testcase classname="icivics_testcases.Icivics3_EducatorRegistration2_Test" name="C344_verifyasterisk" time="6.951"/>
  <testcase classname="icivics_testcases.Icivics3_EducatorRegistration2_Test" name="C345_verifyblankerrormsg" time="42.751"/>
  <testcase classname="icivics_testcases.Icivics3_EducatorRegistration2_Test" name="C346_verifyerrormsgboxcolor" time="9.53"/>
  <testcase classname="icivics_testcases.Icivics3_EducatorRegistration2_Test" name="C347_verifyvalidsubmission" time="19.262"/>
  <testcase classname="icivics_testcases.Icivics4_EducatorRegistration3_Test" name="C348_verifybreadcrumbspage3" time="13.736"/>
  <testcase classname="icivics_testcases.Icivics4_EducatorRegistration3_Test" name="C349_verifypreviouspage" time="16.587"/>
  <testcase classname="icivics_testcases.Icivics4_EducatorRegistration3_Test" name="C350_verifyalldataremembered" time="17.671"/>
  <testcase classname="icivics_testcases.Icivics4_EducatorRegistration3_Test" name="C351_verifyallpage3fields" time="26.081"/>
  <testcase classname="icivics_testcases.Icivics4_EducatorRegistration3_Test" name="C352_verifyallfieldsallowtoentertextandmakeselection" time="36.028"/>
  <testcase classname="icivics_testcases.Icivics4_EducatorRegistration3_Test" name="C354_verifyallfieldswithinvaliddata" time="19.194"/>
  <testcase classname="icivics_testcases.Icivics4_EducatorRegistration3_Test" name="C355_verifyallfieldswithblankfield" time="15.836"/>
  <testcase classname="icivics_testcases.Icivics4_EducatorRegistration3_Test" name="C357_verifyvalidsubmission" time="21.025"/>
  <testcase classname="icivics_testcases.Icivics5_EducatorRegistration4_Test" name="C358_verifybreadcrumbspage4" time="21.951"/>
  <testcase classname="icivics_testcases.Icivics5_EducatorRegistration4_Test" name="C359_verifypreviouspage" time="25.628"/>
  <testcase classname="icivics_testcases.Icivics5_EducatorRegistration4_Test" name="C360_verifyalldataremembered" time="23.309"/>
  <testcase classname="icivics_testcases.Icivics5_EducatorRegistration4_Test" name="C361_verifyallpage3fields" time="22.28"/>
  <testcase classname="icivics_testcases.Icivics5_EducatorRegistration4_Test" name="C362_verifySignUpischecked" time="21.833"/>
  <testcase classname="icivics_testcases.Icivics5_EducatorRegistration4_Test" name="C363_verifyallpage4fields" time="37.424"/>
  <testcase classname="icivics_testcases.Icivics5_EducatorRegistration4_Test" name="C364_verifyallfieldasterisk" time="21.179"/>
  <testcase classname="icivics_testcases.Icivics5_EducatorRegistration4_Test" name="C365_verifypasswordtooltips" time="21.76"/>
  <testcase classname="icivics_testcases.Icivics5_EducatorRegistration4_Test" name="C366_verifypasswordstrengthIndicator" time="21.059"/>
  <testcase classname="icivics_testcases.Icivics5_EducatorRegistration4_Test" name="C367_verifypasswordIndicatormatch" time="21.499"/>
  <testcase classname="icivics_testcases.Icivics5_EducatorRegistration4_Test" name="C368_verifyallfieldswithinvaliddata" time="24.409"/>
  <testcase classname="icivics_testcases.Icivics5_EducatorRegistration4_Test" name="C369_verifyallfieldswithblankdata" time="22.687"/>
  <testcase classname="icivics_testcases.Icivics5_EducatorRegistration4_Test" name="C370_verifyallfieldswithblankandinvaliddata" time="23.381"/>
  <testcase classname="icivics_testcases.Icivics5_EducatorRegistration4_Test" name="C371_verifyvalidsubmission" time="27.032"/>
  <testcase classname="icivics_testcases.Icivics6_EducatorRegistration5_Test" name="C372_verifybreadcrumbspage5" time="22.364"/>
  <testcase classname="icivics_testcases.Icivics6_EducatorRegistration5_Test" name="C373_verifywelcomemessage" time="23.006"/>
  <testcase classname="icivics_testcases.Icivics6_EducatorRegistration5_Test" name="C374_verifyconfirmationemail" time="22.656"/>
  <testcase classname="icivics_testcases.Icivics6_EducatorRegistration5_Test" name="C375_verifyconfirmationemail" time="22.578"/>
  <testcase classname="icivics_testcases.Icivics6_EducatorRegistration5_Test" name="C376_verifyresendbutton" time="27.597"/>
  <testcase classname="icivics_testcases.Icivics6_EducatorRegistration5_Test" name="C377_verifynotification" time="32.469"/>
  <testcase classname="icivics_testcases.Icivics12_StudentRegistration3Email_Test" name="C372_verifypagecount3" time="15.413"/>
  <testcase classname="icivics_testcases.Icivics12_StudentRegistration3Email_Test" name="C373_verifycheckmsgdisplay" time="14.871"/>
  <testcase classname="icivics_testcases.Icivics12_StudentRegistration3Email_Test" name="C374_verifycheckmsgdisplay" time="14.648"/>
  <testcase classname="icivics_testcases.Icivics12_StudentRegistration3Email_Test" name="C375_verifyregisteredemaildisplay" time="14.559"/>
  <testcase classname="icivics_testcases.Icivics12_StudentRegistration3Email_Test" name="C376_verifyresendbutton" time="20.018"/>
  <testcase classname="icivics_testcases.Icivics12_StudentRegistration3Email_Test" name="C377_verifyconfirmationemail" time="20.067"/>
  <testcase classname="icivics_testcases.Icivics8_StudentRegistration1Email_Test" name="C383_Verifybreadcrumbs" time="2.609"/>
  <testcase classname="icivics_testcases.Icivics8_StudentRegistration1Email_Test" name="C384_Verifybreadcrumbspage" time="2.607"/>
  <testcase classname="icivics_testcases.Icivics8_StudentRegistration1Email_Test" name="C385_Verifyvideolink" time="13.928"/>
  <testcase classname="icivics_testcases.Icivics8_StudentRegistration1Email_Test" name="C387_verifytextfields" time="5.044"/>
  <testcase classname="icivics_testcases.Icivics8_StudentRegistration1Email_Test" name="C388_verifyusernamepregenerated" time="8.537"/>
  <testcase classname="icivics_testcases.Icivics8_StudentRegistration1Email_Test" name="C389_verifyusernamepregeneratedrandomly" time="14.854"/>
  <testcase classname="icivics_testcases.Icivics8_StudentRegistration1Email_Test" name="C390_verifyentertextinallfields" time="5.098"/>
  <testcase classname="icivics_testcases.Icivics8_StudentRegistration1Email_Test" name="C391_verifyfieldsmarkedwithanasterisk" time="3.013"/>
  <testcase classname="icivics_testcases.Icivics8_StudentRegistration1Email_Test" name="C392_verifyemailtooltips" time="3.299"/>
  <testcase classname="icivics_testcases.Icivics8_StudentRegistration1Email_Test" name="C393_verifyemailerrormsg" time="9.816"/>
  <testcase classname="icivics_testcases.Icivics8_StudentRegistration1Email_Test" name="C394_verifyblankerrormsg" time="40.066"/>
  <testcase classname="icivics_testcases.Icivics8_StudentRegistration1Email_Test" name="C396_verifyvalidregistration" time="13.988"/>
  <testcase classname="icivics_testcases.Icivics8_StudentRegistration1Email_Test" name="C397_Verifyclasscodelink" time="13.937"/>
  <testcase classname="icivics_testcases.Icivics9_StudentRegistration2classcode_Test" name="C398_verifypagecount2" time="8.117"/>
  <testcase classname="icivics_testcases.Icivics9_StudentRegistration2classcode_Test" name="C399_Clickbackbutton" time="10.036"/>
  <testcase classname="icivics_testcases.Icivics9_StudentRegistration2classcode_Test" name="C400_verifyfieldsisremembered" time="10.2"/>
  <testcase classname="icivics_testcases.Icivics9_StudentRegistration2classcode_Test" name="C403_clickontermsofuselink" time="4.749">
    <failure type="org.openqa.selenium.WebDriverException" message="unknown error: unexpected command response
  (Session info: chrome=103.0.5060.114)
Build info: version: &amp;apos;3.141.59&amp;apos;, revision: &amp;apos;e82be7d358&amp;apos;, time: &amp;apos;2018-11-14T08:17:03&amp;apos;
System info: host: &amp;apos;AMX-RL-20-348-W&amp;apos;, ip: &amp;apos;10.10.7.164&amp;apos;, os.name: &amp;apos;Windows 10&amp;apos;, os.arch: &amp;apos;amd64&amp;apos;, os.version: &amp;apos;10.0&amp;apos;, java.version: &amp;apos;17.0.1&amp;apos;
Driver info: org.openqa.selenium.chrome.ChromeDriver
Capabilities {acceptInsecureCerts: false, browserName: chrome, browserVersion: 103.0.5060.114, chrome: {chromedriverVersion: 103.0.5060.53 (a1711811edd7..., userDataDir: C:\Users\VENKAT~1.T\AppData...}, goog:chromeOptions: {debuggerAddress: localhost:55213}, javascriptEnabled: true, networkConnectionEnabled: false, pageLoadStrategy: normal, platform: WINDOWS, platformName: WINDOWS, proxy: Proxy(), setWindowRect: true, strictFileInteractability: false, timeouts: {implicit: 0, pageLoad: 300000, script: 30000}, unhandledPromptBehavior: dismiss and notify, webauthn:extension:credBlob: true, webauthn:extension:largeBlob: true, webauthn:virtualAuthenticators: true}
Session ID: 2d760a233648cfec4b69655b6da0b06b">
      <![CDATA[org.openqa.selenium.WebDriverException: unknown error: unexpected command response
  (Session info: chrome=103.0.5060.114)
Build info: version: '3.141.59', revision: 'e82be7d358', time: '2018-11-14T08:17:03'
System info: host: 'AMX-RL-20-348-W', ip: '10.10.7.164', os.name: 'Windows 10', os.arch: 'amd64', os.version: '10.0', java.version: '17.0.1'
Driver info: org.openqa.selenium.chrome.ChromeDriver
Capabilities {acceptInsecureCerts: false, browserName: chrome, browserVersion: 103.0.5060.114, chrome: {chromedriverVersion: 103.0.5060.53 (a1711811edd7..., userDataDir: C:\Users\VENKAT~1.T\AppData...}, goog:chromeOptions: {debuggerAddress: localhost:55213}, javascriptEnabled: true, networkConnectionEnabled: false, pageLoadStrategy: normal, platform: WINDOWS, platformName: WINDOWS, proxy: Proxy(), setWindowRect: true, strictFileInteractability: false, timeouts: {implicit: 0, pageLoad: 300000, script: 30000}, unhandledPromptBehavior: dismiss and notify, webauthn:extension:credBlob: true, webauthn:extension:largeBlob: true, webauthn:virtualAuthenticators: true}
Session ID: 2d760a233648cfec4b69655b6da0b06b
at org.openqa.selenium.remote.http.W3CHttpResponseCodec.createException(W3CHttpResponseCodec.java:187)
at org.openqa.selenium.remote.http.W3CHttpResponseCodec.decode(W3CHttpResponseCodec.java:122)
at org.openqa.selenium.remote.http.W3CHttpResponseCodec.decode(W3CHttpResponseCodec.java:49)
at org.openqa.selenium.remote.HttpCommandExecutor.execute(HttpCommandExecutor.java:158)
at org.openqa.selenium.remote.service.DriverCommandExecutor.execute(DriverCommandExecutor.java:83)
at org.openqa.selenium.remote.RemoteWebDriver.execute(RemoteWebDriver.java:552)
at org.openqa.selenium.remote.RemoteWebElement.execute(RemoteWebElement.java:285)
at org.openqa.selenium.remote.RemoteWebElement.click(RemoteWebElement.java:84)
at icivics_pages.Icivics_StudentReg2classcode.verifyregistrationwithvaliddata(Icivics_StudentReg2classcode.java:74)
at icivics_testcases.Icivics9_StudentRegistration2classcode_Test.C403_clickontermsofuselink(Icivics9_StudentRegistration2classcode_Test.java:57)
at java.base/java.util.concurrent.ThreadPoolExecutor.runWorker(ThreadPoolExecutor.java:1136)
at java.base/java.util.concurrent.ThreadPoolExecutor$Worker.run(ThreadPoolExecutor.java:635)
at java.base/java.lang.Thread.run(Thread.java:833)
... Removed 16 stack frames]]>
    </failure>
  </testcase> <!-- C403_clickontermsofuselink -->
  <testcase classname="icivics_testcases.Icivics9_StudentRegistration2classcode_Test" name="C404_clickprivacypolicy" time="13.519"/>
  <testcase classname="icivics_testcases.Icivics9_StudentRegistration2classcode_Test" name="C405_verifypage2SignUpforEmailsfield" time="7.235"/>
  <testcase classname="icivics_testcases.Icivics9_StudentRegistration2classcode_Test" name="C408_hoveronpwdfield" time="11.23"/>
  <testcase classname="icivics_testcases.Icivics9_StudentRegistration2classcode_Test" name="C409_VerifyPasswordstrengthmeter" time="10.288"/>
  <testcase classname="icivics_testcases.Icivics9_StudentRegistration2classcode_Test" name="C410_VerifyPasswordindicatormatch" time="13.236"/>
  <testcase classname="icivics_testcases.Icivics9_StudentRegistration2classcode_Test" name="C412_verifyenterinvaliddata" time="17.404"/>
  <testcase classname="icivics_testcases.Icivics9_StudentRegistration2classcode_Test" name="C412_verifytermsofuseandprivacycheckbox" time="10.201"/>
  <testcase classname="icivics_testcases.Icivics9_StudentRegistration2classcode_Test" name="C413_verifyblankerrormsg" time="14.363"/>
  <testcase classname="icivics_testcases.Icivics9_StudentRegistration2classcode_Test" name="C414_verifypage3loaded" time="15.619"/>
  <testcase classname="icivics_testcases.Icivics10_StudentRegistration2Email_Test" name="C398_verifypagecount2" time="6.854"/>
  <testcase classname="icivics_testcases.Icivics10_StudentRegistration2Email_Test" name="C399_Clickbackbutton" time="11.51"/>
  <testcase classname="icivics_testcases.Icivics10_StudentRegistration2Email_Test" name="C400_verifyfieldsisremembered" time="11.843"/>
  <testcase classname="icivics_testcases.Icivics10_StudentRegistration2Email_Test" name="C403_clickontermsofuselink" time="20.885"/>
  <testcase classname="icivics_testcases.Icivics10_StudentRegistration2Email_Test" name="C404_clickprivacypolicy" time="13.126"/>
  <testcase classname="icivics_testcases.Icivics10_StudentRegistration2Email_Test" name="C405_verifypage2SignUpforEmailsfield" time="6.763"/>
  <testcase classname="icivics_testcases.Icivics10_StudentRegistration2Email_Test" name="C408_hoveronpwdfield" time="6.497"/>
  <testcase classname="icivics_testcases.Icivics10_StudentRegistration2Email_Test" name="C409_VerifyPasswordstrengthmeter" time="9.761"/>
  <testcase classname="icivics_testcases.Icivics10_StudentRegistration2Email_Test" name="C410_VerifyPasswordindicatormatch" time="6.994"/>
  <testcase classname="icivics_testcases.Icivics10_StudentRegistration2Email_Test" name="C412_verifyenterinvaliddata" time="10.4"/>
  <testcase classname="icivics_testcases.Icivics10_StudentRegistration2Email_Test" name="C412_verifytermsofuseandprivacycheckbox" time="9.599"/>
  <testcase classname="icivics_testcases.Icivics10_StudentRegistration2Email_Test" name="C413_verifyblankerrormsg" time="13.55"/>
  <testcase classname="icivics_testcases.Icivics10_StudentRegistration2Email_Test" name="C414_verifypage3loaded" time="15.761"/>
  <testcase classname="icivics_testcases.Icivics14_HP_1TeacherHeader_Test" name="C3_Verifyheaderbuttonsforanonymoususer" time="8.852"/>
  <testcase classname="icivics_testcases.Icivics14_HP_1TeacherHeader_Test" name="C3_Verifyheaderbuttonsforauthenticateduser" time="11.336"/>
  <testcase classname="icivics_testcases.Icivics14_HP_1TeacherHeader_Test" name="C4_Verifyheaderelemets" time="153.601"/>
  <testcase classname="icivics_testcases.Icivics14_HP_1TeacherHeader_Test" name="C6_Verifyheaderbuttonhoverforanonymoususer" time="72.106"/>
  <testcase classname="icivics_testcases.Icivics14_HP_1TeacherHeader_Test" name="C6_verifyaheaderbuttonhoverforauthenticateduser" time="65.132"/>
  <testcase classname="icivics_testcases.Icivics14_HP_1TeacherHeader_Test" name="C7_verifyresizeheaderintohamburger" time="32.095"/>
  <testcase classname="icivics_testcases.Icivics7_StudentRegistration1classcode_Test" name="C425_verifyemailfieldsappear" time="4.688"/>
  <testcase classname="icivics_testcases.Icivics7_StudentRegistration1classcode_Test" name="C426_verifyemailtooltips" time="3.765"/>
  <testcase classname="icivics_testcases.Icivics7_StudentRegistration1classcode_Test" name="C427_verifyemailfieldsdisappear" time="18.559"/>
  <testcase classname="icivics_testcases.Icivics7_StudentRegistration1classcode_Test" name="C428_verifyusernamepregenerated" time="8.7"/>
  <testcase classname="icivics_testcases.Icivics7_StudentRegistration1classcode_Test" name="C429_usernamegeneratedrandomly" time="15.19"/>
  <testcase classname="icivics_testcases.Icivics7_StudentRegistration1classcode_Test" name="C430_verifyregistrationwithvaliddata" time="10.892"/>
  <testcase classname="icivics_testcases.Icivics7_StudentRegistration1classcode_Test" name="C431_verifyAsteriks" time="4.614"/>
  <testcase classname="icivics_testcases.Icivics7_StudentRegistration1classcode_Test" name="C432_verifyinvaliderrormsg" time="12.627"/>
  <testcase classname="icivics_testcases.Icivics7_StudentRegistration1classcode_Test" name="C433_verifyerrormsgverifyemailblankfield" time="46.843"/>
  <testcase classname="icivics_testcases.Icivics7_StudentRegistration1classcode_Test" name="C434_verifyinvaliderrormsg2" time="7.737"/>
  <testcase classname="icivics_testcases.Icivics7_StudentRegistration1classcode_Test" name="C435_verifyregistrationwithvalidvalue" time="15.167"/>
  <testcase classname="icivics_testcases.Icivics11_StudentRegistration3classcode_Test" name="C454_verifypagecount3" time="15.92"/>
  <testcase classname="icivics_testcases.Icivics11_StudentRegistration3classcode_Test" name="C455_verifyusernamegenerateddisplay" time="18.315"/>
  <testcase classname="icivics_testcases.Icivics11_StudentRegistration3classcode_Test" name="C456_verifyusernametextddisplay" time="15.919"/>
  <testcase classname="icivics_testcases.Icivics11_StudentRegistration3classcode_Test" name="C457_verifyemailddisplay" time="18.252"/>
  <testcase classname="icivics_testcases.Icivics11_StudentRegistration3classcode_Test" name="C458_verifyemailtextddisplay" time="15.391"/>
  <testcase classname="icivics_testcases.Icivics11_StudentRegistration3classcode_Test" name="C459_clickcontinuetomyassignmentbutton" time="20.691"/>
  <testcase classname="icivics_testcases.Icivics15_HP_2Headerplay_Test" name="C8_Verifyplaysubmenu" time="4.509"/>
  <testcase classname="icivics_testcases.Icivics15_HP_2Headerplay_Test" name="C9_Verifyplaybuttonlist" time="6.858"/>
  <testcase classname="icivics_testcases.Icivics15_HP_2Headerplay_Test" name="C10_Verifyplaybuttonelements" time="115.653"/>
  <testcase classname="icivics_testcases.Icivics15_HP_2Headerplay_Test" name="C12_Verifypageisunderlined" time="273.01"/>
  <testcase classname="icivics_testcases.Icivics15_HP_2Headerplay_Test" name="C13_Verifyclickonplaybuttonagain" time="4.556"/>
  <testcase classname="utilities.Reporter" name="@BeforeSuite startReport" time="0.0">
    <ignored/>
  </testcase> <!-- @BeforeSuite startReport -->
  <testcase classname="utilities.Reporter" name="@BeforeSuite startReport" time="0.0">
    <ignored/>
  </testcase> <!-- @BeforeSuite startReport -->
  <testcase classname="utilities.Reporter" name="@BeforeSuite startReport" time="0.0">
    <ignored/>
  </testcase> <!-- @BeforeSuite startReport -->
  <testcase classname="utilities.Reporter" name="@BeforeSuite startReport" time="0.0">
    <ignored/>
  </testcase> <!-- @BeforeSuite startReport -->
  <testcase classname="utilities.Reporter" name="@BeforeSuite startReport" time="0.0">
    <ignored/>
  </testcase> <!-- @BeforeSuite startReport -->
  <testcase classname="utilities.Reporter" name="@BeforeSuite startReport" time="0.0">
    <ignored/>
  </testcase> <!-- @BeforeSuite startReport -->
  <testcase classname="utilities.Reporter" name="@BeforeSuite startReport" time="0.0">
    <ignored/>
  </testcase> <!-- @BeforeSuite startReport -->
  <testcase classname="utilities.Reporter" name="@BeforeSuite startReport" time="0.0">
    <ignored/>
  </testcase> <!-- @BeforeSuite startReport -->
  <testcase classname="utilities.Reporter" name="@BeforeSuite startReport" time="0.0">
    <ignored/>
  </testcase> <!-- @BeforeSuite startReport -->
  <testcase classname="utilities.Reporter" name="@BeforeSuite startReport" time="0.0">
    <ignored/>
  </testcase> <!-- @BeforeSuite startReport -->
  <testcase classname="utilities.Reporter" name="@BeforeSuite startReport" time="0.0">
    <ignored/>
  </testcase> <!-- @BeforeSuite startReport -->
  <testcase classname="utilities.Reporter" name="@BeforeSuite startReport" time="0.0">
    <ignored/>
  </testcase> <!-- @BeforeSuite startReport -->
  <testcase classname="utilities.Reporter" name="@BeforeSuite startReport" time="0.0">
    <ignored/>
  </testcase> <!-- @BeforeSuite startReport -->
  <testcase classname="utilities.Reporter" name="@BeforeSuite startReport" time="0.0">
    <ignored/>
  </testcase> <!-- @BeforeSuite startReport -->
  <testcase classname="utilities.Reporter" name="@BeforeSuite startReport" time="0.0">
    <ignored/>
  </testcase> <!-- @BeforeSuite startReport -->
  <testcase classname="utilities.Reporter" name="@BeforeSuite startReport" time="0.0">
    <ignored/>
  </testcase> <!-- @BeforeSuite startReport -->
  <testcase classname="utilities.Reporter" name="@BeforeSuite startReport" time="0.0">
    <ignored/>
  </testcase> <!-- @BeforeSuite startReport -->
  <testcase classname="utilities.Reporter" name="@BeforeSuite startReport" time="0.0">
    <ignored/>
  </testcase> <!-- @BeforeSuite startReport -->
  <testcase classname="utilities.Reporter" name="@BeforeSuite startReport" time="0.0">
    <ignored/>
  </testcase> <!-- @BeforeSuite startReport -->
  <testcase classname="utilities.Reporter" name="@AfterSuite stopReport" time="0.0">
    <ignored/>
  </testcase> <!-- @AfterSuite stopReport -->
  <testcase classname="utilities.Reporter" name="@AfterSuite stopReport" time="0.0">
    <ignored/>
  </testcase> <!-- @AfterSuite stopReport -->
  <testcase classname="utilities.Reporter" name="@AfterSuite stopReport" time="0.0">
    <ignored/>
  </testcase> <!-- @AfterSuite stopReport -->
  <testcase classname="utilities.Reporter" name="@AfterSuite stopReport" time="0.0">
    <ignored/>
  </testcase> <!-- @AfterSuite stopReport -->
  <testcase classname="utilities.Reporter" name="@AfterSuite stopReport" time="0.0">
    <ignored/>
  </testcase> <!-- @AfterSuite stopReport -->
  <testcase classname="utilities.Reporter" name="@AfterSuite stopReport" time="0.0">
    <ignored/>
  </testcase> <!-- @AfterSuite stopReport -->
  <testcase classname="utilities.Reporter" name="@AfterSuite stopReport" time="0.0">
    <ignored/>
  </testcase> <!-- @AfterSuite stopReport -->
  <testcase classname="utilities.Reporter" name="@AfterSuite stopReport" time="0.0">
    <ignored/>
  </testcase> <!-- @AfterSuite stopReport -->
  <testcase classname="utilities.Reporter" name="@AfterSuite stopReport" time="0.0">
    <ignored/>
  </testcase> <!-- @AfterSuite stopReport -->
  <testcase classname="utilities.Reporter" name="@AfterSuite stopReport" time="0.0">
    <ignored/>
  </testcase> <!-- @AfterSuite stopReport -->
  <testcase classname="utilities.Reporter" name="@AfterSuite stopReport" time="0.0">
    <ignored/>
  </testcase> <!-- @AfterSuite stopReport -->
  <testcase classname="utilities.Reporter" name="@AfterSuite stopReport" time="0.0">
    <ignored/>
  </testcase> <!-- @AfterSuite stopReport -->
  <testcase classname="utilities.Reporter" name="@AfterSuite stopReport" time="0.0">
    <ignored/>
  </testcase> <!-- @AfterSuite stopReport -->
  <testcase classname="utilities.Reporter" name="@AfterSuite stopReport" time="0.0">
    <ignored/>
  </testcase> <!-- @AfterSuite stopReport -->
  <testcase classname="utilities.Reporter" name="@AfterSuite stopReport" time="0.0">
    <ignored/>
  </testcase> <!-- @AfterSuite stopReport -->
  <testcase classname="utilities.Reporter" name="@AfterSuite stopReport" time="0.0">
    <ignored/>
  </testcase> <!-- @AfterSuite stopReport -->
  <testcase classname="utilities.Reporter" name="@AfterSuite stopReport" time="0.0">
    <ignored/>
  </testcase> <!-- @AfterSuite stopReport -->
  <testcase classname="utilities.Reporter" name="@AfterSuite stopReport" time="0.0">
    <ignored/>
  </testcase> <!-- @AfterSuite stopReport -->
  <testcase classname="utilities.Reporter" name="@AfterSuite stopReport" time="0.0">
    <ignored/>
  </testcase> <!-- @AfterSuite stopReport -->
</testsuite> <!-- Regression_Testscripts -->
