<?xml version="1.0" encoding="UTF-8"?>
<!-- Generated by org.testng.reporters.JUnitXMLReporter -->
<testsuite hostname="AMX-RL-20-348-W" ignored="38" name="Regression_Testscripts" tests="183" failures="0" timestamp="2022-07-08T01:33:59 IST" time="1427.321" errors="0">
  <testcase name="C15_Verifyteachsubmenu" time="6.407" classname="icivics_testcases.I33_HP_3HeaderTeach_Test"/>
  <testcase name="C1_VerifyLogo" time="11.327" classname="icivics_testcases.I30_HP_1Header_Test"/>
  <testcase name="C22_Verifyaboutsubmenu" time="13.356" classname="icivics_testcases.I35_HP_4HeaderAbout_Test"/>
  <testcase name="C29_Verifydonatebutton" time="15.791" classname="icivics_testcases.I36_HP_5HeaderMyicivicsMisc_Test"/>
  <testcase name="C16_Verifysubmenucount" time="5.062" classname="icivics_testcases.I33_HP_3HeaderTeach_Test"/>
  <testcase name="C23_Verifysubmenucount" time="14.276" classname="icivics_testcases.I35_HP_4HeaderAbout_Test"/>
  <testcase name="C2_VerifyHeaderbuttonforanonymoususer" time="23.248" classname="icivics_testcases.I30_HP_1Header_Test"/>
  <testcase name="C30_Verifydonatebuttonclick" time="45.759" classname="icivics_testcases.I36_HP_5HeaderMyicivicsMisc_Test"/>
  <testcase name="C17_Verifyteachbuttonelements" time="65.806" classname="icivics_testcases.I33_HP_3HeaderTeach_Test"/>
  <testcase name="C31_Verifyshopbutton" time="13.673" classname="icivics_testcases.I36_HP_5HeaderMyicivicsMisc_Test"/>
  <testcase name="C2_VerifyHeaderbuttonforauthenticateduser" time="20.792" classname="icivics_testcases.I30_HP_1Header_Test"/>
  <testcase name="C19_Verifyteachsubmenu" time="89.92" classname="icivics_testcases.I34_HP_3Headerteach2_Test"/>
  <testcase name="C20_verifyclickteachbuttonagain" time="6.547" classname="icivics_testcases.I33_HP_3HeaderTeach_Test"/>
  <testcase name="C29_Verifydonatebutton" time="4.354" classname="icivics_testcases.I37_HP_5HeaderSigninMisc_Test"/>
  <testcase name="C1538_Verifydonationpopup" time="12.461" classname="icivics_testcases.I30_HP_1Header_Test"/>
  <testcase name="C32_Verifyshopbuttonclick" time="17.82" classname="icivics_testcases.I36_HP_5HeaderMyicivicsMisc_Test"/>
  <testcase name="C327_verifybreadcrumbspage1" time="6.97" classname="icivics_testcases.I11_EducatorRegistration1_Test"/>
  <testcase name="C30_Verifydonatebuttonclick" time="21.69" classname="icivics_testcases.I37_HP_5HeaderSigninMisc_Test"/>
  <testcase name="C34_VerifyIcivicsbutton" time="17.859" classname="icivics_testcases.I36_HP_5HeaderMyicivicsMisc_Test"/>
  <testcase name="C321_VerifyallpageElements" time="23.294" classname="icivics_testcases.I10_EducatorRegistration_Test"/>
  <testcase name="C31_Verifyshopbutton" time="4.917" classname="icivics_testcases.I37_HP_5HeaderSigninMisc_Test"/>
  <testcase name="C328_verifytextfields" time="11.815" classname="icivics_testcases.I11_EducatorRegistration1_Test"/>
  <testcase name="C24_VerifysubmenuElement" time="104.454" classname="icivics_testcases.I35_HP_4HeaderAbout_Test"/>
  <testcase name="C32_Verifyshopbuttonclick" time="7.233" classname="icivics_testcases.I37_HP_5HeaderSigninMisc_Test"/>
  <testcase name="C35_Verifytheavatar" time="15.346" classname="icivics_testcases.I36_HP_5HeaderMyicivicsMisc_Test"/>
  <testcase name="C329_verifyusernamepregenerated" time="9.246" classname="icivics_testcases.I11_EducatorRegistration1_Test"/>
  <testcase name="C27_Verifyclickaboutbuttonagain" time="8.419" classname="icivics_testcases.I35_HP_4HeaderAbout_Test"/>
  <testcase name="C33_Verifysigninbuttonforanonymoususer" time="6.391" classname="icivics_testcases.I37_HP_5HeaderSigninMisc_Test"/>
  <testcase name="C35_Verifythenoavatar" time="13.957" classname="icivics_testcases.I36_HP_5HeaderMyicivicsMisc_Test"/>
  <testcase name="C330_verifyusernamepregeneratedrandomly" time="17.333" classname="icivics_testcases.I11_EducatorRegistration1_Test"/>
  <testcase name="C322_ButtonHover" time="38.39" classname="icivics_testcases.I10_EducatorRegistration_Test"/>
  <testcase name="C338_verifybreadcrumbspage1" time="11.92" classname="icivics_testcases.I12_EducatorRegistration2_Test"/>
  <testcase name="C37_Verifysigninbuttonsubmenu" time="11.345" classname="icivics_testcases.I37_HP_5HeaderSigninMisc_Test"/>
  <testcase name="C36_VerifyIcivicssubmenu" time="10.334" classname="icivics_testcases.I36_HP_5HeaderMyicivicsMisc_Test"/>
  <testcase name="C331_verifyentertextinallfields" time="7.075" classname="icivics_testcases.I11_EducatorRegistration1_Test"/>
  <testcase name="C339_verifypreviouspage" time="15.128" classname="icivics_testcases.I12_EducatorRegistration2_Test"/>
  <testcase name="C332_verifyfieldsmarkedwithanasterisk" time="3.969" classname="icivics_testcases.I11_EducatorRegistration1_Test"/>
  <testcase name="C37_VerifyIcivicssubmenu" time="11.134" classname="icivics_testcases.I36_HP_5HeaderMyicivicsMisc_Test"/>
  <testcase name="C38_Verifysigninbuttonsubmenu" time="18.241" classname="icivics_testcases.I37_HP_5HeaderSigninMisc_Test"/>
  <testcase name="C333_verifyemailtooltips" time="5.533" classname="icivics_testcases.I11_EducatorRegistration1_Test"/>
  <testcase name="C334_verifyemailerrormsg" time="16.38" classname="icivics_testcases.I11_EducatorRegistration1_Test"/>
  <testcase name="C340_verifyalldataremembered" time="22.623" classname="icivics_testcases.I12_EducatorRegistration2_Test"/>
  <testcase name="C39_Myicivicsbuttonelementsverification" time="38.312" classname="icivics_testcases.I36_HP_5HeaderMyicivicsMisc_Test"/>
  <testcase name="C41_Verifysubmenuoptionisunderlined" time="46.068" classname="icivics_testcases.I37_HP_5HeaderSigninMisc_Test"/>
  <testcase name="C341_verifyRoleandGradeLevel" time="26.531" classname="icivics_testcases.I12_EducatorRegistration2_Test"/>
  <testcase name="C42_Verifysubmenuoptionisunderlined" time="6.806" classname="icivics_testcases.I37_HP_5HeaderSigninMisc_Test"/>
  <testcase name="C335_verifyblankerrormsg" time="52.372" classname="icivics_testcases.I11_EducatorRegistration1_Test"/>
  <testcase name="C342_verifymakeselection" time="24.865" classname="icivics_testcases.I12_EducatorRegistration2_Test"/>
  <testcase name="C41_verifyselectpageisunderlined" time="54.596" classname="icivics_testcases.I36_HP_5HeaderMyicivicsMisc_Test"/>
  <testcase name="C348_verifybreadcrumbspage3" time="20.236" classname="icivics_testcases.I13_EducatorRegistration3_Test"/>
  <testcase name="C336_verifyinvaliderrormsg" time="16.521" classname="icivics_testcases.I11_EducatorRegistration1_Test"/>
  <testcase name="C343_verifyotheradditionalfield" time="9.337" classname="icivics_testcases.I12_EducatorRegistration2_Test">
    <skipped/>
  </testcase> <!-- C343_verifyotheradditionalfield -->
  <testcase name="C42_Verifymyicivicsbuttonsubmenuclose" time="16.354" classname="icivics_testcases.I36_HP_5HeaderMyicivicsMisc_Test"/>
  <testcase name="C343_verifyotheradditionalfield" time="12.951" classname="icivics_testcases.I12_EducatorRegistration2_Test"/>
  <testcase name="C349_verifypreviouspage" time="25.551" classname="icivics_testcases.I13_EducatorRegistration3_Test"/>
  <testcase name="C337_verifyvalidregistration" time="17.136" classname="icivics_testcases.I11_EducatorRegistration1_Test"/>
  <testcase name="C344_verifyasterisk" time="10.244" classname="icivics_testcases.I12_EducatorRegistration2_Test"/>
  <testcase name="C358_verifybreadcrumbspage4" time="29.886" classname="icivics_testcases.I14_EducatorRegistration4_Test"/>
  <testcase name="C345_verifyblankerrormsg" time="6.352" classname="icivics_testcases.I12_EducatorRegistration2_Test">
    <skipped/>
  </testcase> <!-- C345_verifyblankerrormsg -->
  <testcase name="C350_verifyalldataremembered" time="22.939" classname="icivics_testcases.I13_EducatorRegistration3_Test"/>
  <testcase name="C372_verifybreadcrumbspage5" time="29.35" classname="icivics_testcases.I15_EducatorRegistration5_Test"/>
  <testcase name="C351_verifyallpage3fields" time="6.597" classname="icivics_testcases.I13_EducatorRegistration3_Test">
    <skipped/>
  </testcase> <!-- C351_verifyallpage3fields -->
  <testcase name="C359_verifypreviouspage" time="23.062" classname="icivics_testcases.I14_EducatorRegistration4_Test">
    <skipped/>
  </testcase> <!-- C359_verifypreviouspage -->
  <testcase name="C373_verifywelcomemessage" time="31.392" classname="icivics_testcases.I15_EducatorRegistration5_Test"/>
  <testcase name="C345_verifyblankerrormsg" time="51.21" classname="icivics_testcases.I12_EducatorRegistration2_Test"/>
  <testcase name="C351_verifyallpage3fields" time="38.186" classname="icivics_testcases.I13_EducatorRegistration3_Test"/>
  <testcase name="C374_verifyconfirmationemail" time="29.779" classname="icivics_testcases.I15_EducatorRegistration5_Test"/>
  <testcase name="C359_verifypreviouspage" time="34.15" classname="icivics_testcases.I14_EducatorRegistration4_Test"/>
  <testcase name="C323_Verifyallbuttonlinks" time="281.088" classname="icivics_testcases.I10_EducatorRegistration_Test">
    <skipped/>
  </testcase> <!-- C323_Verifyallbuttonlinks -->
  <testcase name="C346_verifyerrormsgboxcolor" time="18.323" classname="icivics_testcases.I12_EducatorRegistration2_Test">
    <skipped/>
  </testcase> <!-- C346_verifyerrormsgboxcolor -->
  <testcase name="C346_verifyerrormsgboxcolor" time="12.923" classname="icivics_testcases.I12_EducatorRegistration2_Test"/>
  <testcase name="C375_verifyconfirmationemail" time="28.649" classname="icivics_testcases.I15_EducatorRegistration5_Test"/>
  <testcase name="C360_verifyalldataremembered" time="33.917" classname="icivics_testcases.I14_EducatorRegistration4_Test"/>
  <testcase name="C352_verifyallfieldsallowtoentertextandmakeselection" time="48.487" classname="icivics_testcases.I13_EducatorRegistration3_Test"/>
  <testcase name="C347_verifyvalidsubmission" time="29.066" classname="icivics_testcases.I12_EducatorRegistration2_Test"/>
  <testcase name="C361_verifyallpage3fields" time="36.431" classname="icivics_testcases.I14_EducatorRegistration4_Test"/>
  <testcase name="C354_verifyallfieldswithinvaliddata" time="33.36" classname="icivics_testcases.I13_EducatorRegistration3_Test"/>
  <testcase name="C376_verifyresendbutton" time="44.952" classname="icivics_testcases.I15_EducatorRegistration5_Test"/>
  <testcase name="C355_verifyallfieldswithblankfield" time="0.0" classname="icivics_testcases.I13_EducatorRegistration3_Test">
    <skipped/>
  </testcase> <!-- C355_verifyallfieldswithblankfield -->
  <testcase name="C372_verifypagecount3" time="23.32" classname="icivics_testcases.I25_StudentRegistration3Email_Test"/>
  <testcase name="C362_verifySignUpischecked" time="34.189" classname="icivics_testcases.I14_EducatorRegistration4_Test"/>
  <testcase name="C357_verifyvalidsubmission" time="33.325" classname="icivics_testcases.I13_EducatorRegistration3_Test"/>
  <testcase name="C373_verifycheckmsgdisplay" time="23.26" classname="icivics_testcases.I25_StudentRegistration3Email_Test"/>
  <testcase name="C377_verifynotification" time="40.136" classname="icivics_testcases.I15_EducatorRegistration5_Test"/>
  <testcase name="C383_Verifybreadcrumbs" time="5.237" classname="icivics_testcases.I21_StudentRegistration1Email_Test"/>
  <testcase name="C374_verifycheckmsgdisplay" time="10.156" classname="icivics_testcases.I25_StudentRegistration3Email_Test">
    <skipped/>
  </testcase> <!-- C374_verifycheckmsgdisplay -->
  <testcase name="C398_verifypagecount2" time="8.779" classname="icivics_testcases.I22_StudentRegistration2classcode_Test"/>
  <testcase name="C384_Verifybreadcrumbspage" time="3.021" classname="icivics_testcases.I21_StudentRegistration1Email_Test"/>
  <testcase name="C374_verifycheckmsgdisplay" time="18.781" classname="icivics_testcases.I25_StudentRegistration3Email_Test"/>
  <testcase name="C399_Clickbackbutton" time="14.037" classname="icivics_testcases.I22_StudentRegistration2classcode_Test"/>
  <testcase name="C363_verifyallpage4fields" time="53.386" classname="icivics_testcases.I14_EducatorRegistration4_Test"/>
  <testcase name="C385_Verifyvideolink" time="26.682" classname="icivics_testcases.I21_StudentRegistration1Email_Test"/>
  <testcase name="C375_verifyregisteredemaildisplay" time="22.108" classname="icivics_testcases.I25_StudentRegistration3Email_Test"/>
  <testcase name="C400_verifyfieldsisremembered" time="17.926" classname="icivics_testcases.I22_StudentRegistration2classcode_Test"/>
  <testcase name="C387_verifytextfields" time="8.411" classname="icivics_testcases.I21_StudentRegistration1Email_Test"/>
  <testcase name="C388_verifyusernamepregenerated" time="9.285" classname="icivics_testcases.I21_StudentRegistration1Email_Test"/>
  <testcase name="C364_verifyallfieldasterisk" time="27.347" classname="icivics_testcases.I14_EducatorRegistration4_Test"/>
  <testcase name="C376_verifyresendbutton" time="24.566" classname="icivics_testcases.I25_StudentRegistration3Email_Test"/>
  <testcase name="C403_clickontermsofuselink" time="26.502" classname="icivics_testcases.I22_StudentRegistration2classcode_Test"/>
  <testcase name="C389_verifyusernamepregeneratedrandomly" time="16.355" classname="icivics_testcases.I21_StudentRegistration1Email_Test"/>
  <testcase name="C390_verifyentertextinallfields" time="7.313" classname="icivics_testcases.I21_StudentRegistration1Email_Test"/>
  <testcase name="C404_clickprivacypolicy" time="19.68" classname="icivics_testcases.I22_StudentRegistration2classcode_Test"/>
  <testcase name="C377_verifyconfirmationemail" time="25.507" classname="icivics_testcases.I25_StudentRegistration3Email_Test"/>
  <testcase name="C365_verifypasswordtooltips" time="28.863" classname="icivics_testcases.I14_EducatorRegistration4_Test"/>
  <testcase name="C391_verifyfieldsmarkedwithanasterisk" time="5.764" classname="icivics_testcases.I21_StudentRegistration1Email_Test"/>
  <testcase name="C366_verifypasswordstrengthIndicator" time="7.75" classname="icivics_testcases.I14_EducatorRegistration4_Test">
    <skipped/>
  </testcase> <!-- C366_verifypasswordstrengthIndicator -->
  <testcase name="C398_verifypagecount2" time="7.69" classname="icivics_testcases.I23_StudentRegistration2Email_Test">
    <skipped/>
  </testcase> <!-- C398_verifypagecount2 -->
  <testcase name="C392_verifyemailtooltips" time="4.152" classname="icivics_testcases.I21_StudentRegistration1Email_Test"/>
  <testcase name="C405_verifypage2SignUpforEmailsfield" time="12.143" classname="icivics_testcases.I22_StudentRegistration2classcode_Test"/>
  <testcase name="C398_verifypagecount2" time="7.198" classname="icivics_testcases.I23_StudentRegistration2Email_Test">
    <skipped/>
  </testcase> <!-- C398_verifypagecount2 -->
  <testcase name="C323_Verifyallbuttonlinks" time="280.647" classname="icivics_testcases.I10_EducatorRegistration_Test"/>
  <testcase name="C393_verifyemailerrormsg" time="16.634" classname="icivics_testcases.I21_StudentRegistration1Email_Test"/>
  <testcase name="C408_hoveronpwdfield" time="12.541" classname="icivics_testcases.I22_StudentRegistration2classcode_Test"/>
  <testcase name="C398_verifypagecount2" time="9.196" classname="icivics_testcases.I23_StudentRegistration2Email_Test"/>
  <testcase name="C366_verifypasswordstrengthIndicator" time="28.637" classname="icivics_testcases.I14_EducatorRegistration4_Test"/>
  <testcase name="C409_VerifyPasswordstrengthmeter" time="13.583" classname="icivics_testcases.I22_StudentRegistration2classcode_Test"/>
  <testcase name="C324_WindowResize" time="15.082" classname="icivics_testcases.I10_EducatorRegistration_Test"/>
  <testcase name="C399_Clickbackbutton" time="15.106" classname="icivics_testcases.I23_StudentRegistration2Email_Test"/>
  <testcase name="C325_Verifyerrormsg" time="6.613" classname="icivics_testcases.I10_EducatorRegistration_Test"/>
  <testcase name="C410_VerifyPasswordindicatormatch" time="16.836" classname="icivics_testcases.I22_StudentRegistration2classcode_Test"/>
  <testcase name="C367_verifypasswordIndicatormatch" time="27.964" classname="icivics_testcases.I14_EducatorRegistration4_Test"/>
  <testcase name="C326_Verifybreadcrumbs" time="7.675" classname="icivics_testcases.I10_EducatorRegistration_Test"/>
  <testcase name="C400_verifyfieldsisremembered" time="12.607" classname="icivics_testcases.I23_StudentRegistration2Email_Test"/>
  <testcase name="C394_verifyblankerrormsg" time="53.214" classname="icivics_testcases.I21_StudentRegistration1Email_Test"/>
  <testcase name="C3_Verifyheaderbuttonsforanonymoususer" time="14.17" classname="icivics_testcases.I31_HP_1TeacherHeader_Test"/>
  <testcase name="C412_verifyenterinvaliddata" time="25.945" classname="icivics_testcases.I22_StudentRegistration2classcode_Test"/>
  <testcase name="C396_verifyvalidregistration" time="16.207" classname="icivics_testcases.I21_StudentRegistration1Email_Test"/>
  <testcase name="C368_verifyallfieldswithinvaliddata" time="31.792" classname="icivics_testcases.I14_EducatorRegistration4_Test"/>
  <testcase name="C403_clickontermsofuselink" time="35.886" classname="icivics_testcases.I23_StudentRegistration2Email_Test"/>
  <testcase name="C412_verifytermsofuseandprivacycheckbox" time="8.091" classname="icivics_testcases.I22_StudentRegistration2classcode_Test">
    <skipped/>
  </testcase> <!-- C412_verifytermsofuseandprivacycheckbox -->
  <testcase name="C397_Verifyclasscodelink" time="17.524" classname="icivics_testcases.I21_StudentRegistration1Email_Test"/>
  <testcase name="C3_Verifyheaderbuttonsforauthenticateduser" time="19.165" classname="icivics_testcases.I31_HP_1TeacherHeader_Test"/>
  <testcase name="C412_verifytermsofuseandprivacycheckbox" time="15.184" classname="icivics_testcases.I22_StudentRegistration2classcode_Test"/>
  <testcase name="C404_clickprivacypolicy" time="17.813" classname="icivics_testcases.I23_StudentRegistration2Email_Test"/>
  <testcase name="C425_verifyemailfieldsappear" time="5.611" classname="icivics_testcases.I20_StudentRegistration1classcode_Test"/>
  <testcase name="C369_verifyallfieldswithblankdata" time="31.371" classname="icivics_testcases.I14_EducatorRegistration4_Test"/>
  <testcase name="C426_verifyemailtooltips" time="7.613" classname="icivics_testcases.I20_StudentRegistration1classcode_Test"/>
  <testcase name="C405_verifypage2SignUpforEmailsfield" time="9.11" classname="icivics_testcases.I23_StudentRegistration2Email_Test"/>
  <testcase name="C413_verifyblankerrormsg" time="17.009" classname="icivics_testcases.I22_StudentRegistration2classcode_Test"/>
  <testcase name="C370_verifyallfieldswithblankandinvaliddata" time="30.864" classname="icivics_testcases.I14_EducatorRegistration4_Test"/>
  <testcase name="C408_hoveronpwdfield" time="10.722" classname="icivics_testcases.I23_StudentRegistration2Email_Test"/>
  <testcase name="C427_verifyemailfieldsdisappear" time="21.955" classname="icivics_testcases.I20_StudentRegistration1classcode_Test"/>
  <testcase name="C409_VerifyPasswordstrengthmeter" time="4.938" classname="icivics_testcases.I23_StudentRegistration2Email_Test">
    <skipped/>
  </testcase> <!-- C409_VerifyPasswordstrengthmeter -->
  <testcase name="C414_verifypage3loaded" time="21.057" classname="icivics_testcases.I22_StudentRegistration2classcode_Test"/>
  <testcase name="C428_verifyusernamepregenerated" time="8.811" classname="icivics_testcases.I20_StudentRegistration1classcode_Test"/>
  <testcase name="C409_VerifyPasswordstrengthmeter" time="4.829" classname="icivics_testcases.I23_StudentRegistration2Email_Test">
    <skipped/>
  </testcase> <!-- C409_VerifyPasswordstrengthmeter -->
  <testcase name="C409_VerifyPasswordstrengthmeter" time="12.882" classname="icivics_testcases.I23_StudentRegistration2Email_Test"/>
  <testcase name="C371_verifyvalidsubmission" time="34.519" classname="icivics_testcases.I14_EducatorRegistration4_Test"/>
  <testcase name="C429_usernamegeneratedrandomly" time="16.925" classname="icivics_testcases.I20_StudentRegistration1classcode_Test"/>
  <testcase name="C8_Verifyplaysubmenu" time="4.46" classname="icivics_testcases.I32_HP_2Headerplay_Test"/>
  <testcase name="C410_VerifyPasswordindicatormatch" time="5.781" classname="icivics_testcases.I23_StudentRegistration2Email_Test">
    <skipped/>
  </testcase> <!-- C410_VerifyPasswordindicatormatch -->
  <testcase name="C454_verifypagecount3" time="20.964" classname="icivics_testcases.I24_StudentRegistration3classcode_Test"/>
  <testcase name="C430_verifyregistrationwithvaliddata" time="4.174" classname="icivics_testcases.I20_StudentRegistration1classcode_Test">
    <skipped/>
  </testcase> <!-- C430_verifyregistrationwithvaliddata -->
  <testcase name="C410_VerifyPasswordindicatormatch" time="5.736" classname="icivics_testcases.I23_StudentRegistration2Email_Test">
    <skipped/>
  </testcase> <!-- C410_VerifyPasswordindicatormatch -->
  <testcase name="C9_Verifyplaybuttonlist" time="14.466" classname="icivics_testcases.I32_HP_2Headerplay_Test"/>
  <testcase name="C430_verifyregistrationwithvaliddata" time="9.47" classname="icivics_testcases.I20_StudentRegistration1classcode_Test">
    <skipped/>
  </testcase> <!-- C430_verifyregistrationwithvaliddata -->
  <testcase name="C410_VerifyPasswordindicatormatch" time="9.782" classname="icivics_testcases.I23_StudentRegistration2Email_Test"/>
  <testcase name="C455_verifyusernamegenerateddisplay" time="25.817" classname="icivics_testcases.I24_StudentRegistration3classcode_Test"/>
  <testcase name="C430_verifyregistrationwithvaliddata" time="4.082" classname="icivics_testcases.I20_StudentRegistration1classcode_Test">
    <skipped/>
  </testcase> <!-- C430_verifyregistrationwithvaliddata -->
  <testcase name="C412_verifyenterinvaliddata" time="19.976" classname="icivics_testcases.I23_StudentRegistration2Email_Test"/>
  <testcase name="C430_verifyregistrationwithvaliddata" time="12.608" classname="icivics_testcases.I20_StudentRegistration1classcode_Test"/>
  <testcase name="C456_verifyusernametextddisplay" time="23.26" classname="icivics_testcases.I24_StudentRegistration3classcode_Test"/>
  <testcase name="C431_verifyAsteriks" time="8.738" classname="icivics_testcases.I20_StudentRegistration1classcode_Test"/>
  <testcase name="C412_verifytermsofuseandprivacycheckbox" time="14.381" classname="icivics_testcases.I23_StudentRegistration2Email_Test"/>
  <testcase name="C432_verifyinvaliderrormsg" time="17.414" classname="icivics_testcases.I20_StudentRegistration1classcode_Test"/>
  <testcase name="C413_verifyblankerrormsg" time="17.836" classname="icivics_testcases.I23_StudentRegistration2Email_Test"/>
  <testcase name="C457_verifyemailddisplay" time="26.294" classname="icivics_testcases.I24_StudentRegistration3classcode_Test"/>
  <testcase name="C4_Verifyheaderelemets" time="191.852" classname="icivics_testcases.I31_HP_1TeacherHeader_Test"/>
  <testcase name="C414_verifypage3loaded" time="9.241" classname="icivics_testcases.I23_StudentRegistration2Email_Test">
    <skipped/>
  </testcase> <!-- C414_verifypage3loaded -->
  <testcase name="C458_verifyemailtextddisplay" time="10.127" classname="icivics_testcases.I24_StudentRegistration3classcode_Test">
    <skipped/>
  </testcase> <!-- C458_verifyemailtextddisplay -->
  <testcase name="C414_verifypage3loaded" time="6.167" classname="icivics_testcases.I23_StudentRegistration2Email_Test">
    <skipped/>
  </testcase> <!-- C414_verifypage3loaded -->
  <testcase name="C458_verifyemailtextddisplay" time="20.188" classname="icivics_testcases.I24_StudentRegistration3classcode_Test"/>
  <testcase name="C414_verifypage3loaded" time="18.099" classname="icivics_testcases.I23_StudentRegistration2Email_Test"/>
  <testcase name="C433_verifyerrormsgverifyemailblankfield" time="62.101" classname="icivics_testcases.I20_StudentRegistration1classcode_Test"/>
  <testcase name="C459_clickcontinuetomyassignmentbutton" time="31.628" classname="icivics_testcases.I24_StudentRegistration3classcode_Test"/>
  <testcase name="C434_verifyinvaliderrormsg2" time="11.391" classname="icivics_testcases.I20_StudentRegistration1classcode_Test"/>
  <testcase name="C10_Verifyplaybuttonelements" time="156.08" classname="icivics_testcases.I32_HP_2Headerplay_Test"/>
  <testcase name="C435_verifyregistrationwithvalidvalue" time="15.247" classname="icivics_testcases.I20_StudentRegistration1classcode_Test"/>
  <testcase name="C6_Verifyheaderbuttonhoverforanonymoususer" time="85.651" classname="icivics_testcases.I31_HP_1TeacherHeader_Test"/>
  <testcase name="C6_verifyaheaderbuttonhoverforauthenticateduser" time="63.593" classname="icivics_testcases.I31_HP_1TeacherHeader_Test"/>
  <testcase name="C7_verifyresizeheaderintohamburger" time="32.467" classname="icivics_testcases.I31_HP_1TeacherHeader_Test"/>
  <testcase name="C12_Verifypageisunderlined" time="273.266" classname="icivics_testcases.I32_HP_2Headerplay_Test"/>
  <testcase name="C13_Verifyclickonplaybuttonagain" time="4.155" classname="icivics_testcases.I32_HP_2Headerplay_Test"/>
  <testcase name="@BeforeSuite startReport" time="0.0" classname="utilities.Reporter">
    <ignored/>
  </testcase> <!-- @BeforeSuite startReport -->
  <testcase name="@BeforeSuite startReport" time="0.0" classname="utilities.Reporter">
    <ignored/>
  </testcase> <!-- @BeforeSuite startReport -->
  <testcase name="@BeforeSuite startReport" time="0.0" classname="utilities.Reporter">
    <ignored/>
  </testcase> <!-- @BeforeSuite startReport -->
  <testcase name="@BeforeSuite startReport" time="0.0" classname="utilities.Reporter">
    <ignored/>
  </testcase> <!-- @BeforeSuite startReport -->
  <testcase name="@BeforeSuite startReport" time="0.0" classname="utilities.Reporter">
    <ignored/>
  </testcase> <!-- @BeforeSuite startReport -->
  <testcase name="@BeforeSuite startReport" time="0.0" classname="utilities.Reporter">
    <ignored/>
  </testcase> <!-- @BeforeSuite startReport -->
  <testcase name="@BeforeSuite startReport" time="0.0" classname="utilities.Reporter">
    <ignored/>
  </testcase> <!-- @BeforeSuite startReport -->
  <testcase name="@BeforeSuite startReport" time="0.0" classname="utilities.Reporter">
    <ignored/>
  </testcase> <!-- @BeforeSuite startReport -->
  <testcase name="@BeforeSuite startReport" time="0.0" classname="utilities.Reporter">
    <ignored/>
  </testcase> <!-- @BeforeSuite startReport -->
  <testcase name="@BeforeSuite startReport" time="0.0" classname="utilities.Reporter">
    <ignored/>
  </testcase> <!-- @BeforeSuite startReport -->
  <testcase name="@BeforeSuite startReport" time="0.0" classname="utilities.Reporter">
    <ignored/>
  </testcase> <!-- @BeforeSuite startReport -->
  <testcase name="@BeforeSuite startReport" time="0.0" classname="utilities.Reporter">
    <ignored/>
  </testcase> <!-- @BeforeSuite startReport -->
  <testcase name="@BeforeSuite startReport" time="0.0" classname="utilities.Reporter">
    <ignored/>
  </testcase> <!-- @BeforeSuite startReport -->
  <testcase name="@BeforeSuite startReport" time="0.0" classname="utilities.Reporter">
    <ignored/>
  </testcase> <!-- @BeforeSuite startReport -->
  <testcase name="@BeforeSuite startReport" time="0.0" classname="utilities.Reporter">
    <ignored/>
  </testcase> <!-- @BeforeSuite startReport -->
  <testcase name="@BeforeSuite startReport" time="0.0" classname="utilities.Reporter">
    <ignored/>
  </testcase> <!-- @BeforeSuite startReport -->
  <testcase name="@BeforeSuite startReport" time="0.0" classname="utilities.Reporter">
    <ignored/>
  </testcase> <!-- @BeforeSuite startReport -->
  <testcase name="@BeforeSuite startReport" time="0.0" classname="utilities.Reporter">
    <ignored/>
  </testcase> <!-- @BeforeSuite startReport -->
  <testcase name="@BeforeSuite startReport" time="0.0" classname="utilities.Reporter">
    <ignored/>
  </testcase> <!-- @BeforeSuite startReport -->
  <testcase name="@AfterSuite stopReport" time="0.0" classname="utilities.Reporter">
    <ignored/>
  </testcase> <!-- @AfterSuite stopReport -->
  <testcase name="@AfterSuite stopReport" time="0.0" classname="utilities.Reporter">
    <ignored/>
  </testcase> <!-- @AfterSuite stopReport -->
  <testcase name="@AfterSuite stopReport" time="0.0" classname="utilities.Reporter">
    <ignored/>
  </testcase> <!-- @AfterSuite stopReport -->
  <testcase name="@AfterSuite stopReport" time="0.0" classname="utilities.Reporter">
    <ignored/>
  </testcase> <!-- @AfterSuite stopReport -->
  <testcase name="@AfterSuite stopReport" time="0.0" classname="utilities.Reporter">
    <ignored/>
  </testcase> <!-- @AfterSuite stopReport -->
  <testcase name="@AfterSuite stopReport" time="0.0" classname="utilities.Reporter">
    <ignored/>
  </testcase> <!-- @AfterSuite stopReport -->
  <testcase name="@AfterSuite stopReport" time="0.0" classname="utilities.Reporter">
    <ignored/>
  </testcase> <!-- @AfterSuite stopReport -->
  <testcase name="@AfterSuite stopReport" time="0.0" classname="utilities.Reporter">
    <ignored/>
  </testcase> <!-- @AfterSuite stopReport -->
  <testcase name="@AfterSuite stopReport" time="0.0" classname="utilities.Reporter">
    <ignored/>
  </testcase> <!-- @AfterSuite stopReport -->
  <testcase name="@AfterSuite stopReport" time="0.0" classname="utilities.Reporter">
    <ignored/>
  </testcase> <!-- @AfterSuite stopReport -->
  <testcase name="@AfterSuite stopReport" time="0.0" classname="utilities.Reporter">
    <ignored/>
  </testcase> <!-- @AfterSuite stopReport -->
  <testcase name="@AfterSuite stopReport" time="0.0" classname="utilities.Reporter">
    <ignored/>
  </testcase> <!-- @AfterSuite stopReport -->
  <testcase name="@AfterSuite stopReport" time="0.0" classname="utilities.Reporter">
    <ignored/>
  </testcase> <!-- @AfterSuite stopReport -->
  <testcase name="@AfterSuite stopReport" time="0.0" classname="utilities.Reporter">
    <ignored/>
  </testcase> <!-- @AfterSuite stopReport -->
  <testcase name="@AfterSuite stopReport" time="0.0" classname="utilities.Reporter">
    <ignored/>
  </testcase> <!-- @AfterSuite stopReport -->
  <testcase name="@AfterSuite stopReport" time="0.0" classname="utilities.Reporter">
    <ignored/>
  </testcase> <!-- @AfterSuite stopReport -->
  <testcase name="@AfterSuite stopReport" time="0.0" classname="utilities.Reporter">
    <ignored/>
  </testcase> <!-- @AfterSuite stopReport -->
  <testcase name="@AfterSuite stopReport" time="0.0" classname="utilities.Reporter">
    <ignored/>
  </testcase> <!-- @AfterSuite stopReport -->
  <testcase name="@AfterSuite stopReport" time="0.0" classname="utilities.Reporter">
    <ignored/>
  </testcase> <!-- @AfterSuite stopReport -->
</testsuite> <!-- Regression_Testscripts -->
