<?xml version="1.0" encoding="UTF-8"?>
<!-- Generated by org.testng.reporters.JUnitXMLReporter -->
<testsuite ignored="38" hostname="AMX-RL-20-457-W" failures="0" tests="165" name="Regression_Testscripts" time="3696.462" errors="0" timestamp="2022-07-08T17:47:28 IST">
  <testcase classname="icivics_testcases.I33_HP_3HeaderTeach_Test" name="C15_Verifyteachsubmenu" time="24.277"/>
  <testcase classname="icivics_testcases.I30_HP_1Header_Test" name="C1_VerifyLogo" time="31.183"/>
  <testcase classname="icivics_testcases.I33_HP_3HeaderTeach_Test" name="C16_Verifysubmenucount" time="16.294"/>
  <testcase classname="icivics_testcases.I36_HP_5HeaderMyicivicsMisc_Test" name="C29_Verifydonatebutton" time="66.727"/>
  <testcase classname="icivics_testcases.I30_HP_1Header_Test" name="C2_VerifyHeaderbuttonforanonymoususer" time="39.832"/>
  <testcase classname="icivics_testcases.I35_HP_4HeaderAbout_Test" name="C22_Verifyaboutsubmenu" time="87.085"/>
  <testcase classname="icivics_testcases.I35_HP_4HeaderAbout_Test" name="C23_Verifysubmenucount" time="113.237"/>
  <testcase classname="icivics_testcases.I30_HP_1Header_Test" name="C2_VerifyHeaderbuttonforauthenticateduser" time="144.041"/>
  <testcase classname="icivics_testcases.I34_HP_3Headerteach2_Test" name="C19_Verifyteachsubmenu" time="250.038"/>
  <testcase classname="icivics_testcases.I36_HP_5HeaderMyicivicsMisc_Test" name="C30_Verifydonatebuttonclick" time="232.771"/>
  <testcase classname="icivics_testcases.I37_HP_5HeaderSigninMisc_Test" name="C29_Verifydonatebutton" time="61.606"/>
  <testcase classname="icivics_testcases.I30_HP_1Header_Test" name="C1538_Verifydonationpopup" time="153.044"/>
  <testcase classname="icivics_testcases.I36_HP_5HeaderMyicivicsMisc_Test" name="C31_Verifyshopbutton" time="109.766"/>
  <testcase classname="icivics_testcases.I33_HP_3HeaderTeach_Test" name="C17_Verifyteachbuttonelements" time="373.707"/>
  <testcase classname="icivics_testcases.I37_HP_5HeaderSigninMisc_Test" name="C30_Verifydonatebuttonclick" time="117.007"/>
  <testcase classname="icivics_testcases.I10_EducatorRegistration_Test" name="C321_VerifyallpageElements" time="60.182"/>
  <testcase classname="icivics_testcases.I33_HP_3HeaderTeach_Test" name="C20_verifyclickteachbuttonagain" time="30.479"/>
  <testcase classname="icivics_testcases.I37_HP_5HeaderSigninMisc_Test" name="C31_Verifyshopbutton" time="29.587"/>
  <testcase classname="icivics_testcases.I11_EducatorRegistration1_Test" name="C327_verifybreadcrumbspage1" time="29.95"/>
  <testcase classname="icivics_testcases.I10_EducatorRegistration_Test" name="C322_ButtonHover" time="55.301"/>
  <testcase classname="icivics_testcases.I36_HP_5HeaderMyicivicsMisc_Test" name="C32_Verifyshopbuttonclick" time="103.353"/>
  <testcase classname="icivics_testcases.I11_EducatorRegistration1_Test" name="C328_verifytextfields" time="35.935"/>
  <testcase classname="icivics_testcases.I37_HP_5HeaderSigninMisc_Test" name="C32_Verifyshopbuttonclick" time="63.491"/>
  <testcase classname="icivics_testcases.I11_EducatorRegistration1_Test" name="C329_verifyusernamepregenerated" time="49.897"/>
  <testcase classname="icivics_testcases.I37_HP_5HeaderSigninMisc_Test" name="C33_Verifysigninbuttonforanonymoususer" time="51.777"/>
  <testcase classname="icivics_testcases.I36_HP_5HeaderMyicivicsMisc_Test" name="C34_VerifyIcivicsbutton" time="98.498"/>
  <testcase classname="icivics_testcases.I37_HP_5HeaderSigninMisc_Test" name="C37_Verifysigninbuttonsubmenu" time="42.609"/>
  <testcase classname="icivics_testcases.I11_EducatorRegistration1_Test" name="C330_verifyusernamepregeneratedrandomly" time="55.506"/>
  <testcase classname="icivics_testcases.I11_EducatorRegistration1_Test" name="C331_verifyentertextinallfields" time="59.595"/>
  <testcase classname="icivics_testcases.I36_HP_5HeaderMyicivicsMisc_Test" name="C35_Verifytheavatar" time="106.372"/>
  <testcase classname="icivics_testcases.I11_EducatorRegistration1_Test" name="C332_verifyfieldsmarkedwithanasterisk" time="36.467"/>
  <testcase classname="icivics_testcases.I37_HP_5HeaderSigninMisc_Test" name="C38_Verifysigninbuttonsubmenu" time="113.007"/>
  <testcase classname="icivics_testcases.I11_EducatorRegistration1_Test" name="C333_verifyemailtooltips" time="54.047"/>
  <testcase classname="icivics_testcases.I35_HP_4HeaderAbout_Test" name="C24_VerifysubmenuElement" time="624.962"/>
  <testcase classname="icivics_testcases.I11_EducatorRegistration1_Test" name="C334_verifyemailerrormsg" time="85.097"/>
  <testcase classname="icivics_testcases.I37_HP_5HeaderSigninMisc_Test" name="C41_Verifysubmenuoptionisunderlined" time="155.76"/>
  <testcase classname="icivics_testcases.I36_HP_5HeaderMyicivicsMisc_Test" name="C35_Verifythenoavatar" time="181.584"/>
  <testcase classname="icivics_testcases.I35_HP_4HeaderAbout_Test" name="C27_Verifyclickaboutbuttonagain" time="91.231"/>
  <testcase classname="icivics_testcases.I37_HP_5HeaderSigninMisc_Test" name="C42_Verifysubmenuoptionisunderlined" time="40.487"/>
  <testcase classname="icivics_testcases.I12_EducatorRegistration2_Test" name="C338_verifybreadcrumbspage1" time="69.482"/>
  <testcase classname="icivics_testcases.I36_HP_5HeaderMyicivicsMisc_Test" name="C36_VerifyIcivicssubmenu" time="103.964"/>
  <testcase classname="icivics_testcases.I11_EducatorRegistration1_Test" name="C335_verifyblankerrormsg" time="146.042">
    <skipped/>
  </testcase> <!-- C335_verifyblankerrormsg -->
  <testcase classname="icivics_testcases.I13_EducatorRegistration3_Test" name="C348_verifybreadcrumbspage3" time="97.479"/>
  <testcase classname="icivics_testcases.I12_EducatorRegistration2_Test" name="C339_verifypreviouspage" time="88.325"/>
  <testcase classname="icivics_testcases.I13_EducatorRegistration3_Test" name="C349_verifypreviouspage" time="73.339"/>
  <testcase classname="icivics_testcases.I36_HP_5HeaderMyicivicsMisc_Test" name="C37_VerifyIcivicssubmenu" time="121.726"/>
  <testcase classname="icivics_testcases.I12_EducatorRegistration2_Test" name="C340_verifyalldataremembered" time="73.436"/>
  <testcase classname="icivics_testcases.I11_EducatorRegistration1_Test" name="C335_verifyblankerrormsg" time="146.369"/>
  <testcase classname="icivics_testcases.I13_EducatorRegistration3_Test" name="C350_verifyalldataremembered" time="78.745"/>
  <testcase classname="icivics_testcases.I11_EducatorRegistration1_Test" name="C336_verifyinvaliderrormsg" time="41.322"/>
  <testcase classname="icivics_testcases.I12_EducatorRegistration2_Test" name="C341_verifyRoleandGradeLevel" time="61.363"/>
  <testcase classname="icivics_testcases.I11_EducatorRegistration1_Test" name="C337_verifyvalidregistration" time="48.181"/>
  <testcase classname="icivics_testcases.I12_EducatorRegistration2_Test" name="C342_verifymakeselection" time="51.964"/>
  <testcase classname="icivics_testcases.I13_EducatorRegistration3_Test" name="C351_verifyallpage3fields" time="85.474"/>
  <testcase classname="icivics_testcases.I12_EducatorRegistration2_Test" name="C343_verifyotheradditionalfield" time="71.397"/>
  <testcase classname="icivics_testcases.I36_HP_5HeaderMyicivicsMisc_Test" name="C39_Myicivicsbuttonelementsverification" time="234.892"/>
  <testcase classname="icivics_testcases.I14_EducatorRegistration4_Test" name="C358_verifybreadcrumbspage4" time="106.585"/>
  <testcase classname="icivics_testcases.I12_EducatorRegistration2_Test" name="C344_verifyasterisk" time="46.676"/>
  <testcase classname="icivics_testcases.I13_EducatorRegistration3_Test" name="C352_verifyallfieldsallowtoentertextandmakeselection" time="152.063">
    <skipped/>
  </testcase> <!-- C352_verifyallfieldsallowtoentertextandmakeselection -->
  <testcase classname="icivics_testcases.I14_EducatorRegistration4_Test" name="C359_verifypreviouspage" time="94.429"/>
  <testcase classname="icivics_testcases.I12_EducatorRegistration2_Test" name="C345_verifyblankerrormsg" time="102.576"/>
  <testcase classname="icivics_testcases.I13_EducatorRegistration3_Test" name="C352_verifyallfieldsallowtoentertextandmakeselection" time="107.228"/>
  <testcase classname="icivics_testcases.I12_EducatorRegistration2_Test" name="C346_verifyerrormsgboxcolor" time="48.235"/>
  <testcase classname="icivics_testcases.I14_EducatorRegistration4_Test" name="C360_verifyalldataremembered" time="82.29"/>
  <testcase classname="icivics_testcases.I12_EducatorRegistration2_Test" name="C347_verifyvalidsubmission" time="35.114"/>
  <testcase classname="icivics_testcases.I36_HP_5HeaderMyicivicsMisc_Test" name="C41_verifyselectpageisunderlined" time="230.543"/>
  <testcase classname="icivics_testcases.I13_EducatorRegistration3_Test" name="C354_verifyallfieldswithinvaliddata" time="51.743"/>
  <testcase classname="icivics_testcases.I14_EducatorRegistration4_Test" name="C361_verifyallpage3fields" time="46.403"/>
  <testcase classname="icivics_testcases.I13_EducatorRegistration3_Test" name="C355_verifyallfieldswithblankfield" time="44.003"/>
  <testcase classname="icivics_testcases.I15_EducatorRegistration5_Test" name="C372_verifybreadcrumbspage5" time="58.71">
    <skipped/>
  </testcase> <!-- C372_verifybreadcrumbspage5 -->
  <testcase classname="icivics_testcases.I14_EducatorRegistration4_Test" name="C362_verifySignUpischecked" time="54.759"/>
  <testcase classname="icivics_testcases.I36_HP_5HeaderMyicivicsMisc_Test" name="C42_Verifymyicivicsbuttonsubmenuclose" time="71.141"/>
  <testcase classname="icivics_testcases.I13_EducatorRegistration3_Test" name="C357_verifyvalidsubmission" time="42.235"/>
  <testcase classname="icivics_testcases.I15_EducatorRegistration5_Test" name="C372_verifybreadcrumbspage5" time="65.616"/>
  <testcase classname="icivics_testcases.I25_StudentRegistration3Email_Test" name="C372_verifypagecount3" time="47.155"/>
  <testcase classname="icivics_testcases.I21_StudentRegistration1Email_Test" name="C383_Verifybreadcrumbs" time="28.569"/>
  <testcase classname="icivics_testcases.I21_StudentRegistration1Email_Test" name="C384_Verifybreadcrumbspage" time="23.162"/>
  <testcase classname="icivics_testcases.I14_EducatorRegistration4_Test" name="C363_verifyallpage4fields" time="91.397"/>
  <testcase classname="icivics_testcases.I25_StudentRegistration3Email_Test" name="C373_verifycheckmsgdisplay" time="41.777"/>
  <testcase classname="icivics_testcases.I15_EducatorRegistration5_Test" name="C373_verifywelcomemessage" time="59.861"/>
  <testcase classname="icivics_testcases.I14_EducatorRegistration4_Test" name="C364_verifyallfieldasterisk" time="68.289"/>
  <testcase classname="icivics_testcases.I25_StudentRegistration3Email_Test" name="C374_verifycheckmsgdisplay" time="65.89"/>
  <testcase classname="icivics_testcases.I21_StudentRegistration1Email_Test" name="C385_Verifyvideolink" time="100.456"/>
  <testcase classname="icivics_testcases.I15_EducatorRegistration5_Test" name="C374_verifyconfirmationemail" time="106.068"/>
  <testcase classname="icivics_testcases.I21_StudentRegistration1Email_Test" name="C387_verifytextfields" time="37.608"/>
  <testcase classname="icivics_testcases.I25_StudentRegistration3Email_Test" name="C375_verifyregisteredemaildisplay" time="74.365"/>
  <testcase classname="icivics_testcases.I14_EducatorRegistration4_Test" name="C365_verifypasswordtooltips" time="91.938"/>
  <testcase classname="icivics_testcases.I21_StudentRegistration1Email_Test" name="C388_verifyusernamepregenerated" time="31.932"/>
  <testcase classname="icivics_testcases.I21_StudentRegistration1Email_Test" name="C389_verifyusernamepregeneratedrandomly" time="35.53"/>
  <testcase classname="icivics_testcases.I15_EducatorRegistration5_Test" name="C375_verifyconfirmationemail" time="86.219"/>
  <testcase classname="icivics_testcases.I25_StudentRegistration3Email_Test" name="C376_verifyresendbutton" time="67.596"/>
  <testcase classname="icivics_testcases.I21_StudentRegistration1Email_Test" name="C390_verifyentertextinallfields" time="30.414"/>
  <testcase classname="icivics_testcases.I14_EducatorRegistration4_Test" name="C366_verifypasswordstrengthIndicator" time="77.493"/>
  <testcase classname="icivics_testcases.I21_StudentRegistration1Email_Test" name="C391_verifyfieldsmarkedwithanasterisk" time="34.787"/>
  <testcase classname="icivics_testcases.I25_StudentRegistration3Email_Test" name="C377_verifyconfirmationemail" time="74.65"/>
  <testcase classname="icivics_testcases.I21_StudentRegistration1Email_Test" name="C392_verifyemailtooltips" time="26.838"/>
  <testcase classname="icivics_testcases.I15_EducatorRegistration5_Test" name="C376_verifyresendbutton" time="97.931"/>
  <testcase classname="icivics_testcases.I14_EducatorRegistration4_Test" name="C367_verifypasswordIndicatormatch" time="82.928"/>
  <testcase classname="icivics_testcases.I21_StudentRegistration1Email_Test" name="C393_verifyemailerrormsg" time="40.635"/>
  <testcase classname="icivics_testcases.I22_StudentRegistration2classcode_Test" name="C398_verifypagecount2" time="47.895"/>
  <testcase classname="icivics_testcases.I14_EducatorRegistration4_Test" name="C368_verifyallfieldswithinvaliddata" time="70.559"/>
  <testcase classname="icivics_testcases.I22_StudentRegistration2classcode_Test" name="C399_Clickbackbutton" time="51.313"/>
  <testcase classname="icivics_testcases.I15_EducatorRegistration5_Test" name="C377_verifynotification" time="81.695"/>
  <testcase classname="icivics_testcases.I23_StudentRegistration2Email_Test" name="C398_verifypagecount2" time="37.418"/>
  <testcase classname="icivics_testcases.I21_StudentRegistration1Email_Test" name="C394_verifyblankerrormsg" time="101.104"/>
  <testcase classname="icivics_testcases.I22_StudentRegistration2classcode_Test" name="C400_verifyfieldsisremembered" time="47.256"/>
  <testcase classname="icivics_testcases.I14_EducatorRegistration4_Test" name="C369_verifyallfieldswithblankdata" time="74.878"/>
  <testcase classname="icivics_testcases.I23_StudentRegistration2Email_Test" name="C399_Clickbackbutton" time="36.886"/>
  <testcase classname="icivics_testcases.I21_StudentRegistration1Email_Test" name="C396_verifyvalidregistration" time="46.31"/>
  <testcase classname="icivics_testcases.I22_StudentRegistration2classcode_Test" name="C403_clickontermsofuselink" time="52.185"/>
  <testcase classname="icivics_testcases.I23_StudentRegistration2Email_Test" name="C400_verifyfieldsisremembered" time="29.317"/>
  <testcase classname="icivics_testcases.I21_StudentRegistration1Email_Test" name="C397_Verifyclasscodelink" time="26.799"/>
  <testcase classname="icivics_testcases.I14_EducatorRegistration4_Test" name="C370_verifyallfieldswithblankandinvaliddata" time="51.005"/>
  <testcase classname="icivics_testcases.I22_StudentRegistration2classcode_Test" name="C404_clickprivacypolicy" time="38.766"/>
  <testcase classname="icivics_testcases.I23_StudentRegistration2Email_Test" name="C403_clickontermsofuselink" time="57.449"/>
  <testcase classname="icivics_testcases.I22_StudentRegistration2classcode_Test" name="C405_verifypage2SignUpforEmailsfield" time="34.651"/>
  <testcase classname="icivics_testcases.I14_EducatorRegistration4_Test" name="C371_verifyvalidsubmission" time="59.027"/>
  <testcase classname="icivics_testcases.I31_HP_1TeacherHeader_Test" name="C3_Verifyheaderbuttonsforanonymoususer" time="77.066"/>
  <testcase classname="icivics_testcases.I23_StudentRegistration2Email_Test" name="C404_clickprivacypolicy" time="41.196"/>
  <testcase classname="icivics_testcases.I20_StudentRegistration1classcode_Test" name="C425_verifyemailfieldsappear" time="27.107"/>
  <testcase classname="icivics_testcases.I22_StudentRegistration2classcode_Test" name="C408_hoveronpwdfield" time="38.855"/>
  <testcase classname="icivics_testcases.I23_StudentRegistration2Email_Test" name="C405_verifypage2SignUpforEmailsfield" time="14.788"/>
  <testcase classname="icivics_testcases.I20_StudentRegistration1classcode_Test" name="C426_verifyemailtooltips" time="22.998"/>
  <testcase classname="icivics_testcases.I22_StudentRegistration2classcode_Test" name="C409_VerifyPasswordstrengthmeter" time="33.642"/>
  <testcase classname="icivics_testcases.I23_StudentRegistration2Email_Test" name="C408_hoveronpwdfield" time="27.302"/>
  <testcase classname="icivics_testcases.I31_HP_1TeacherHeader_Test" name="C3_Verifyheaderbuttonsforauthenticateduser" time="72.5"/>
  <testcase classname="icivics_testcases.I20_StudentRegistration1classcode_Test" name="C427_verifyemailfieldsdisappear" time="44.964"/>
  <testcase classname="icivics_testcases.I23_StudentRegistration2Email_Test" name="C409_VerifyPasswordstrengthmeter" time="35.985"/>
  <testcase classname="icivics_testcases.I22_StudentRegistration2classcode_Test" name="C410_VerifyPasswordindicatormatch" time="45.143"/>
  <testcase classname="icivics_testcases.I20_StudentRegistration1classcode_Test" name="C428_verifyusernamepregenerated" time="29.746"/>
  <testcase classname="icivics_testcases.I23_StudentRegistration2Email_Test" name="C410_VerifyPasswordindicatormatch" time="32.882"/>
  <testcase classname="icivics_testcases.I20_StudentRegistration1classcode_Test" name="C429_usernamegeneratedrandomly" time="29.5"/>
  <testcase classname="icivics_testcases.I22_StudentRegistration2classcode_Test" name="C412_verifyenterinvaliddata" time="46.34"/>
  <testcase classname="icivics_testcases.I23_StudentRegistration2Email_Test" name="C412_verifyenterinvaliddata" time="37.914"/>
  <testcase classname="icivics_testcases.I20_StudentRegistration1classcode_Test" name="C430_verifyregistrationwithvaliddata" time="32.26"/>
  <testcase classname="icivics_testcases.I22_StudentRegistration2classcode_Test" name="C412_verifytermsofuseandprivacycheckbox" time="41.091"/>
  <testcase classname="icivics_testcases.I20_StudentRegistration1classcode_Test" name="C431_verifyAsteriks" time="22.393"/>
  <testcase classname="icivics_testcases.I23_StudentRegistration2Email_Test" name="C412_verifytermsofuseandprivacycheckbox" time="35.735"/>
  <testcase classname="icivics_testcases.I22_StudentRegistration2classcode_Test" name="C413_verifyblankerrormsg" time="35.536"/>
  <testcase classname="icivics_testcases.I20_StudentRegistration1classcode_Test" name="C432_verifyinvaliderrormsg" time="30.282"/>
  <testcase classname="icivics_testcases.I23_StudentRegistration2Email_Test" name="C413_verifyblankerrormsg" time="31.087"/>
  <testcase classname="icivics_testcases.I23_StudentRegistration2Email_Test" name="C414_verifypage3loaded" time="25.367"/>
  <testcase classname="icivics_testcases.I22_StudentRegistration2classcode_Test" name="C414_verifypage3loaded" time="39.425"/>
  <testcase classname="icivics_testcases.I32_HP_2Headerplay_Test" name="C8_Verifyplaysubmenu" time="12.149"/>
  <testcase classname="icivics_testcases.I24_StudentRegistration3classcode_Test" name="C454_verifypagecount3" time="36.972"/>
  <testcase classname="icivics_testcases.I20_StudentRegistration1classcode_Test" name="C433_verifyerrormsgverifyemailblankfield" time="70.645"/>
  <testcase classname="icivics_testcases.I20_StudentRegistration1classcode_Test" name="C434_verifyinvaliderrormsg2" time="11.38"/>
  <testcase classname="icivics_testcases.I32_HP_2Headerplay_Test" name="C9_Verifyplaybuttonlist" time="47.698"/>
  <testcase classname="icivics_testcases.I24_StudentRegistration3classcode_Test" name="C455_verifyusernamegenerateddisplay" time="33.087"/>
  <testcase classname="icivics_testcases.I20_StudentRegistration1classcode_Test" name="C435_verifyregistrationwithvalidvalue" time="20.706"/>
  <testcase classname="icivics_testcases.I24_StudentRegistration3classcode_Test" name="C456_verifyusernametextddisplay" time="32.854"/>
  <testcase classname="icivics_testcases.I31_HP_1TeacherHeader_Test" name="C4_Verifyheaderelemets" time="332.121"/>
  <testcase classname="icivics_testcases.I10_EducatorRegistration_Test" name="C323_Verifyallbuttonlinks" time="2309.328"/>
  <testcase classname="icivics_testcases.I24_StudentRegistration3classcode_Test" name="C457_verifyemailddisplay" time="53.577"/>
  <testcase classname="icivics_testcases.I10_EducatorRegistration_Test" name="C324_WindowResize" time="31.053"/>
  <testcase classname="icivics_testcases.I10_EducatorRegistration_Test" name="C325_Verifyerrormsg" time="47.075"/>
  <testcase classname="icivics_testcases.I24_StudentRegistration3classcode_Test" name="C458_verifyemailtextddisplay" time="69.15"/>
  <testcase classname="icivics_testcases.I10_EducatorRegistration_Test" name="C326_Verifybreadcrumbs" time="31.935"/>
  <testcase classname="icivics_testcases.I24_StudentRegistration3classcode_Test" name="C459_clickcontinuetomyassignmentbutton" time="109.236"/>
  <testcase classname="icivics_testcases.I31_HP_1TeacherHeader_Test" name="C6_Verifyheaderbuttonhoverforanonymoususer" time="247.655"/>
  <testcase classname="icivics_testcases.I31_HP_1TeacherHeader_Test" name="C6_verifyaheaderbuttonhoverforauthenticateduser" time="215.246"/>
  <testcase classname="icivics_testcases.I32_HP_2Headerplay_Test" name="C10_Verifyplaybuttonelements" time="576.946"/>
  <testcase classname="icivics_testcases.I31_HP_1TeacherHeader_Test" name="C7_verifyresizeheaderintohamburger" time="65.085"/>
  <testcase classname="icivics_testcases.I32_HP_2Headerplay_Test" name="C12_Verifypageisunderlined" time="356.316"/>
  <testcase classname="icivics_testcases.I32_HP_2Headerplay_Test" name="C13_Verifyclickonplaybuttonagain" time="9.042"/>
  <testcase classname="utilities.Reporter" name="@BeforeSuite startReport" time="0.0">
    <ignored/>
  </testcase> <!-- @BeforeSuite startReport -->
  <testcase classname="utilities.Reporter" name="@BeforeSuite startReport" time="0.0">
    <ignored/>
  </testcase> <!-- @BeforeSuite startReport -->
  <testcase classname="utilities.Reporter" name="@BeforeSuite startReport" time="0.0">
    <ignored/>
  </testcase> <!-- @BeforeSuite startReport -->
  <testcase classname="utilities.Reporter" name="@BeforeSuite startReport" time="0.0">
    <ignored/>
  </testcase> <!-- @BeforeSuite startReport -->
  <testcase classname="utilities.Reporter" name="@BeforeSuite startReport" time="0.0">
    <ignored/>
  </testcase> <!-- @BeforeSuite startReport -->
  <testcase classname="utilities.Reporter" name="@BeforeSuite startReport" time="0.0">
    <ignored/>
  </testcase> <!-- @BeforeSuite startReport -->
  <testcase classname="utilities.Reporter" name="@BeforeSuite startReport" time="0.0">
    <ignored/>
  </testcase> <!-- @BeforeSuite startReport -->
  <testcase classname="utilities.Reporter" name="@BeforeSuite startReport" time="0.0">
    <ignored/>
  </testcase> <!-- @BeforeSuite startReport -->
  <testcase classname="utilities.Reporter" name="@BeforeSuite startReport" time="0.0">
    <ignored/>
  </testcase> <!-- @BeforeSuite startReport -->
  <testcase classname="utilities.Reporter" name="@BeforeSuite startReport" time="0.0">
    <ignored/>
  </testcase> <!-- @BeforeSuite startReport -->
  <testcase classname="utilities.Reporter" name="@BeforeSuite startReport" time="0.0">
    <ignored/>
  </testcase> <!-- @BeforeSuite startReport -->
  <testcase classname="utilities.Reporter" name="@BeforeSuite startReport" time="0.0">
    <ignored/>
  </testcase> <!-- @BeforeSuite startReport -->
  <testcase classname="utilities.Reporter" name="@BeforeSuite startReport" time="0.0">
    <ignored/>
  </testcase> <!-- @BeforeSuite startReport -->
  <testcase classname="utilities.Reporter" name="@BeforeSuite startReport" time="0.0">
    <ignored/>
  </testcase> <!-- @BeforeSuite startReport -->
  <testcase classname="utilities.Reporter" name="@BeforeSuite startReport" time="0.0">
    <ignored/>
  </testcase> <!-- @BeforeSuite startReport -->
  <testcase classname="utilities.Reporter" name="@BeforeSuite startReport" time="0.0">
    <ignored/>
  </testcase> <!-- @BeforeSuite startReport -->
  <testcase classname="utilities.Reporter" name="@BeforeSuite startReport" time="0.0">
    <ignored/>
  </testcase> <!-- @BeforeSuite startReport -->
  <testcase classname="utilities.Reporter" name="@BeforeSuite startReport" time="0.0">
    <ignored/>
  </testcase> <!-- @BeforeSuite startReport -->
  <testcase classname="utilities.Reporter" name="@BeforeSuite startReport" time="0.0">
    <ignored/>
  </testcase> <!-- @BeforeSuite startReport -->
  <testcase classname="utilities.Reporter" name="@AfterSuite stopReport" time="0.0">
    <ignored/>
  </testcase> <!-- @AfterSuite stopReport -->
  <testcase classname="utilities.Reporter" name="@AfterSuite stopReport" time="0.0">
    <ignored/>
  </testcase> <!-- @AfterSuite stopReport -->
  <testcase classname="utilities.Reporter" name="@AfterSuite stopReport" time="0.0">
    <ignored/>
  </testcase> <!-- @AfterSuite stopReport -->
  <testcase classname="utilities.Reporter" name="@AfterSuite stopReport" time="0.0">
    <ignored/>
  </testcase> <!-- @AfterSuite stopReport -->
  <testcase classname="utilities.Reporter" name="@AfterSuite stopReport" time="0.0">
    <ignored/>
  </testcase> <!-- @AfterSuite stopReport -->
  <testcase classname="utilities.Reporter" name="@AfterSuite stopReport" time="0.0">
    <ignored/>
  </testcase> <!-- @AfterSuite stopReport -->
  <testcase classname="utilities.Reporter" name="@AfterSuite stopReport" time="0.0">
    <ignored/>
  </testcase> <!-- @AfterSuite stopReport -->
  <testcase classname="utilities.Reporter" name="@AfterSuite stopReport" time="0.0">
    <ignored/>
  </testcase> <!-- @AfterSuite stopReport -->
  <testcase classname="utilities.Reporter" name="@AfterSuite stopReport" time="0.0">
    <ignored/>
  </testcase> <!-- @AfterSuite stopReport -->
  <testcase classname="utilities.Reporter" name="@AfterSuite stopReport" time="0.0">
    <ignored/>
  </testcase> <!-- @AfterSuite stopReport -->
  <testcase classname="utilities.Reporter" name="@AfterSuite stopReport" time="0.0">
    <ignored/>
  </testcase> <!-- @AfterSuite stopReport -->
  <testcase classname="utilities.Reporter" name="@AfterSuite stopReport" time="0.0">
    <ignored/>
  </testcase> <!-- @AfterSuite stopReport -->
  <testcase classname="utilities.Reporter" name="@AfterSuite stopReport" time="0.0">
    <ignored/>
  </testcase> <!-- @AfterSuite stopReport -->
  <testcase classname="utilities.Reporter" name="@AfterSuite stopReport" time="0.0">
    <ignored/>
  </testcase> <!-- @AfterSuite stopReport -->
  <testcase classname="utilities.Reporter" name="@AfterSuite stopReport" time="0.0">
    <ignored/>
  </testcase> <!-- @AfterSuite stopReport -->
  <testcase classname="utilities.Reporter" name="@AfterSuite stopReport" time="0.0">
    <ignored/>
  </testcase> <!-- @AfterSuite stopReport -->
  <testcase classname="utilities.Reporter" name="@AfterSuite stopReport" time="0.0">
    <ignored/>
  </testcase> <!-- @AfterSuite stopReport -->
  <testcase classname="utilities.Reporter" name="@AfterSuite stopReport" time="0.0">
    <ignored/>
  </testcase> <!-- @AfterSuite stopReport -->
  <testcase classname="utilities.Reporter" name="@AfterSuite stopReport" time="0.0">
    <ignored/>
  </testcase> <!-- @AfterSuite stopReport -->
</testsuite> <!-- Regression_Testscripts -->
