<?xml version="1.0" encoding="UTF-8"?>
<!-- Generated by org.testng.reporters.JUnitXMLReporter -->
<testsuite ignored="11" hostname="AMX-RL-20-348-W" failures="0" tests="1" name="Default test" time="18.213" errors="0" timestamp="2022-07-07T12:11:59 IST">
  <testcase classname="icivics_testcases.Icivics7_StudentRegistration1classcode_Test" name="C430_verifyregistrationwithvaliddata" time="14.447"/>
  <testcase classname="icivics_testcases.Icivics7_StudentRegistration1classcode_Test" name="C433_verifyerrormsgverifyemailblankfield" time="0.0">
    <ignored/>
  </testcase> <!-- C433_verifyerrormsgverifyemailblankfield -->
  <testcase classname="cucumber.api.testng.AbstractTestNGCucumberTests" name="runScenario" time="0.0">
    <ignored/>
  </testcase> <!-- runScenario -->
  <testcase classname="icivics_testcases.Icivics7_StudentRegistration1classcode_Test" name="C435_verifyregistrationwithvalidvalue" time="0.0">
    <ignored/>
  </testcase> <!-- C435_verifyregistrationwithvalidvalue -->
  <testcase classname="icivics_testcases.Icivics7_StudentRegistration1classcode_Test" name="C428_verifyusernamepregenerated" time="0.0">
    <ignored/>
  </testcase> <!-- C428_verifyusernamepregenerated -->
  <testcase classname="icivics_testcases.Icivics7_StudentRegistration1classcode_Test" name="C425_verifyemailfieldsappear" time="0.0">
    <ignored/>
  </testcase> <!-- C425_verifyemailfieldsappear -->
  <testcase classname="icivics_testcases.Icivics7_StudentRegistration1classcode_Test" name="C427_verifyemailfieldsdisappear" time="0.0">
    <ignored/>
  </testcase> <!-- C427_verifyemailfieldsdisappear -->
  <testcase classname="icivics_testcases.Icivics7_StudentRegistration1classcode_Test" name="C432_verifyinvaliderrormsg" time="0.0">
    <ignored/>
  </testcase> <!-- C432_verifyinvaliderrormsg -->
  <testcase classname="icivics_testcases.Icivics7_StudentRegistration1classcode_Test" name="C429_usernamegeneratedrandomly" time="0.0">
    <ignored/>
  </testcase> <!-- C429_usernamegeneratedrandomly -->
  <testcase classname="icivics_testcases.Icivics7_StudentRegistration1classcode_Test" name="C431_verifyAsteriks" time="0.0">
    <ignored/>
  </testcase> <!-- C431_verifyAsteriks -->
  <testcase classname="icivics_testcases.Icivics7_StudentRegistration1classcode_Test" name="C426_verifyemailtooltips" time="0.0">
    <ignored/>
  </testcase> <!-- C426_verifyemailtooltips -->
  <testcase classname="icivics_testcases.Icivics7_StudentRegistration1classcode_Test" name="C434_verifyinvaliderrormsg2" time="0.0">
    <ignored/>
  </testcase> <!-- C434_verifyinvaliderrormsg2 -->
</testsuite> <!-- Default test -->
